CRITICAL - 2025-05-29 16:23:02 --> Invalid file: template/bank-pro/templates.php
in SYSTEMPATH/Exceptions/FrameworkException.php on line 33.
 1 SYSTEMPATH/View/View.php(201): CodeIgniter\Exceptions\FrameworkException::forInvalidFile()
 2 SYSTEMPATH/Common.php(1142): CodeIgniter\View\View->render()
 3 APPPATH/Controllers/Pages.php(40): view()
 4 SYSTEMPATH/CodeIgniter.php(907): App\Controllers\Pages->view()
 5 SYSTEMPATH/CodeIgniter.php(457): CodeIgniter\CodeIgniter->runController()
 6 SYSTEMPATH/CodeIgniter.php(340): CodeIgniter\CodeIgniter->handleRequest()
 7 FCPATH/index.php(71): CodeIgniter\CodeIgniter->run()
CRITICAL - 2025-05-29 16:23:03 --> Invalid file: template/bank-pro/templates.php
in SYSTEMPATH/Exceptions/FrameworkException.php on line 33.
 1 SYSTEMPATH/View/View.php(201): CodeIgniter\Exceptions\FrameworkException::forInvalidFile()
 2 SYSTEMPATH/Common.php(1142): CodeIgniter\View\View->render()
 3 APPPATH/Controllers/Pages.php(40): view()
 4 SYSTEMPATH/CodeIgniter.php(907): App\Controllers\Pages->view()
 5 SYSTEMPATH/CodeIgniter.php(457): CodeIgniter\CodeIgniter->runController()
 6 SYSTEMPATH/CodeIgniter.php(340): CodeIgniter\CodeIgniter->handleRequest()
 7 FCPATH/index.php(71): CodeIgniter\CodeIgniter->run()
CRITICAL - 2025-05-29 16:23:03 --> Invalid file: template/bank-pro/templates.php
in SYSTEMPATH/Exceptions/FrameworkException.php on line 33.
 1 SYSTEMPATH/View/View.php(201): CodeIgniter\Exceptions\FrameworkException::forInvalidFile()
 2 SYSTEMPATH/Common.php(1142): CodeIgniter\View\View->render()
 3 APPPATH/Controllers/Pages.php(40): view()
 4 SYSTEMPATH/CodeIgniter.php(907): App\Controllers\Pages->view()
 5 SYSTEMPATH/CodeIgniter.php(457): CodeIgniter\CodeIgniter->runController()
 6 SYSTEMPATH/CodeIgniter.php(340): CodeIgniter\CodeIgniter->handleRequest()
 7 FCPATH/index.php(71): CodeIgniter\CodeIgniter->run()
CRITICAL - 2025-05-29 16:23:03 --> Invalid file: template/bank-pro/templates.php
in SYSTEMPATH/Exceptions/FrameworkException.php on line 33.
 1 SYSTEMPATH/View/View.php(201): CodeIgniter\Exceptions\FrameworkException::forInvalidFile()
 2 SYSTEMPATH/Common.php(1142): CodeIgniter\View\View->render()
 3 APPPATH/Controllers/Pages.php(40): view()
 4 SYSTEMPATH/CodeIgniter.php(907): App\Controllers\Pages->view()
 5 SYSTEMPATH/CodeIgniter.php(457): CodeIgniter\CodeIgniter->runController()
 6 SYSTEMPATH/CodeIgniter.php(340): CodeIgniter\CodeIgniter->handleRequest()
 7 FCPATH/index.php(71): CodeIgniter\CodeIgniter->run()
CRITICAL - 2025-05-29 16:23:08 --> Invalid file: template/bank-pro/templates.php
in SYSTEMPATH/Exceptions/FrameworkException.php on line 33.
 1 SYSTEMPATH/View/View.php(201): CodeIgniter\Exceptions\FrameworkException::forInvalidFile()
 2 SYSTEMPATH/Common.php(1142): CodeIgniter\View\View->render()
 3 APPPATH/Controllers/Pages.php(40): view()
 4 SYSTEMPATH/CodeIgniter.php(907): App\Controllers\Pages->view()
 5 SYSTEMPATH/CodeIgniter.php(457): CodeIgniter\CodeIgniter->runController()
 6 SYSTEMPATH/CodeIgniter.php(340): CodeIgniter\CodeIgniter->handleRequest()
 7 FCPATH/index.php(71): CodeIgniter\CodeIgniter->run()
CRITICAL - 2025-05-29 16:23:08 --> Invalid file: template/bank-pro/templates.php
in SYSTEMPATH/Exceptions/FrameworkException.php on line 33.
 1 SYSTEMPATH/View/View.php(201): CodeIgniter\Exceptions\FrameworkException::forInvalidFile()
 2 SYSTEMPATH/Common.php(1142): CodeIgniter\View\View->render()
 3 APPPATH/Controllers/Pages.php(40): view()
 4 SYSTEMPATH/CodeIgniter.php(907): App\Controllers\Pages->view()
 5 SYSTEMPATH/CodeIgniter.php(457): CodeIgniter\CodeIgniter->runController()
 6 SYSTEMPATH/CodeIgniter.php(340): CodeIgniter\CodeIgniter->handleRequest()
 7 FCPATH/index.php(71): CodeIgniter\CodeIgniter->run()
CRITICAL - 2025-05-29 16:23:08 --> Invalid file: template/bank-pro/templates.php
in SYSTEMPATH/Exceptions/FrameworkException.php on line 33.
 1 SYSTEMPATH/View/View.php(201): CodeIgniter\Exceptions\FrameworkException::forInvalidFile()
 2 SYSTEMPATH/Common.php(1142): CodeIgniter\View\View->render()
 3 APPPATH/Controllers/Pages.php(40): view()
 4 SYSTEMPATH/CodeIgniter.php(907): App\Controllers\Pages->view()
 5 SYSTEMPATH/CodeIgniter.php(457): CodeIgniter\CodeIgniter->runController()
 6 SYSTEMPATH/CodeIgniter.php(340): CodeIgniter\CodeIgniter->handleRequest()
 7 FCPATH/index.php(71): CodeIgniter\CodeIgniter->run()
CRITICAL - 2025-05-29 16:23:08 --> Invalid file: template/bank-pro/templates.php
in SYSTEMPATH/Exceptions/FrameworkException.php on line 33.
 1 SYSTEMPATH/View/View.php(201): CodeIgniter\Exceptions\FrameworkException::forInvalidFile()
 2 SYSTEMPATH/Common.php(1142): CodeIgniter\View\View->render()
 3 APPPATH/Controllers/Pages.php(40): view()
 4 SYSTEMPATH/CodeIgniter.php(907): App\Controllers\Pages->view()
 5 SYSTEMPATH/CodeIgniter.php(457): CodeIgniter\CodeIgniter->runController()
 6 SYSTEMPATH/CodeIgniter.php(340): CodeIgniter\CodeIgniter->handleRequest()
 7 FCPATH/index.php(71): CodeIgniter\CodeIgniter->run()
CRITICAL - 2025-05-29 16:23:57 --> Invalid file: template/bank-pro/templates.php
in SYSTEMPATH/Exceptions/FrameworkException.php on line 33.
 1 SYSTEMPATH/View/View.php(201): CodeIgniter\Exceptions\FrameworkException::forInvalidFile()
 2 SYSTEMPATH/Common.php(1142): CodeIgniter\View\View->render()
 3 APPPATH/Controllers/Pages.php(40): view()
 4 SYSTEMPATH/CodeIgniter.php(907): App\Controllers\Pages->view()
 5 SYSTEMPATH/CodeIgniter.php(457): CodeIgniter\CodeIgniter->runController()
 6 SYSTEMPATH/CodeIgniter.php(340): CodeIgniter\CodeIgniter->handleRequest()
 7 FCPATH/index.php(71): CodeIgniter\CodeIgniter->run()
CRITICAL - 2025-05-29 16:23:57 --> Invalid file: template/bank-pro/templates.php
in SYSTEMPATH/Exceptions/FrameworkException.php on line 33.
 1 SYSTEMPATH/View/View.php(201): CodeIgniter\Exceptions\FrameworkException::forInvalidFile()
 2 SYSTEMPATH/Common.php(1142): CodeIgniter\View\View->render()
 3 APPPATH/Controllers/Pages.php(40): view()
 4 SYSTEMPATH/CodeIgniter.php(907): App\Controllers\Pages->view()
 5 SYSTEMPATH/CodeIgniter.php(457): CodeIgniter\CodeIgniter->runController()
 6 SYSTEMPATH/CodeIgniter.php(340): CodeIgniter\CodeIgniter->handleRequest()
 7 FCPATH/index.php(71): CodeIgniter\CodeIgniter->run()
CRITICAL - 2025-05-29 16:23:58 --> Invalid file: template/bank-pro/templates.php
in SYSTEMPATH/Exceptions/FrameworkException.php on line 33.
 1 SYSTEMPATH/View/View.php(201): CodeIgniter\Exceptions\FrameworkException::forInvalidFile()
 2 SYSTEMPATH/Common.php(1142): CodeIgniter\View\View->render()
 3 APPPATH/Controllers/Pages.php(40): view()
 4 SYSTEMPATH/CodeIgniter.php(907): App\Controllers\Pages->view()
 5 SYSTEMPATH/CodeIgniter.php(457): CodeIgniter\CodeIgniter->runController()
 6 SYSTEMPATH/CodeIgniter.php(340): CodeIgniter\CodeIgniter->handleRequest()
 7 FCPATH/index.php(71): CodeIgniter\CodeIgniter->run()
CRITICAL - 2025-05-29 16:23:58 --> Invalid file: template/bank-pro/templates.php
in SYSTEMPATH/Exceptions/FrameworkException.php on line 33.
 1 SYSTEMPATH/View/View.php(201): CodeIgniter\Exceptions\FrameworkException::forInvalidFile()
 2 SYSTEMPATH/Common.php(1142): CodeIgniter\View\View->render()
 3 APPPATH/Controllers/Pages.php(40): view()
 4 SYSTEMPATH/CodeIgniter.php(907): App\Controllers\Pages->view()
 5 SYSTEMPATH/CodeIgniter.php(457): CodeIgniter\CodeIgniter->runController()
 6 SYSTEMPATH/CodeIgniter.php(340): CodeIgniter\CodeIgniter->handleRequest()
 7 FCPATH/index.php(71): CodeIgniter\CodeIgniter->run()
CRITICAL - 2025-05-29 16:23:58 --> Invalid file: template/bank-pro/templates.php
in SYSTEMPATH/Exceptions/FrameworkException.php on line 33.
 1 SYSTEMPATH/View/View.php(201): CodeIgniter\Exceptions\FrameworkException::forInvalidFile()
 2 SYSTEMPATH/Common.php(1142): CodeIgniter\View\View->render()
 3 APPPATH/Controllers/Pages.php(40): view()
 4 SYSTEMPATH/CodeIgniter.php(907): App\Controllers\Pages->view()
 5 SYSTEMPATH/CodeIgniter.php(457): CodeIgniter\CodeIgniter->runController()
 6 SYSTEMPATH/CodeIgniter.php(340): CodeIgniter\CodeIgniter->handleRequest()
 7 FCPATH/index.php(71): CodeIgniter\CodeIgniter->run()
CRITICAL - 2025-05-29 16:23:58 --> Invalid file: template/bank-pro/templates.php
in SYSTEMPATH/Exceptions/FrameworkException.php on line 33.
 1 SYSTEMPATH/View/View.php(201): CodeIgniter\Exceptions\FrameworkException::forInvalidFile()
 2 SYSTEMPATH/Common.php(1142): CodeIgniter\View\View->render()
 3 APPPATH/Controllers/Pages.php(40): view()
 4 SYSTEMPATH/CodeIgniter.php(907): App\Controllers\Pages->view()
 5 SYSTEMPATH/CodeIgniter.php(457): CodeIgniter\CodeIgniter->runController()
 6 SYSTEMPATH/CodeIgniter.php(340): CodeIgniter\CodeIgniter->handleRequest()
 7 FCPATH/index.php(71): CodeIgniter\CodeIgniter->run()
CRITICAL - 2025-05-29 16:23:58 --> Invalid file: template/bank-pro/templates.php
in SYSTEMPATH/Exceptions/FrameworkException.php on line 33.
 1 SYSTEMPATH/View/View.php(201): CodeIgniter\Exceptions\FrameworkException::forInvalidFile()
 2 SYSTEMPATH/Common.php(1142): CodeIgniter\View\View->render()
 3 APPPATH/Controllers/Pages.php(40): view()
 4 SYSTEMPATH/CodeIgniter.php(907): App\Controllers\Pages->view()
 5 SYSTEMPATH/CodeIgniter.php(457): CodeIgniter\CodeIgniter->runController()
 6 SYSTEMPATH/CodeIgniter.php(340): CodeIgniter\CodeIgniter->handleRequest()
 7 FCPATH/index.php(71): CodeIgniter\CodeIgniter->run()
CRITICAL - 2025-05-29 16:23:58 --> Invalid file: template/bank-pro/templates.php
in SYSTEMPATH/Exceptions/FrameworkException.php on line 33.
 1 SYSTEMPATH/View/View.php(201): CodeIgniter\Exceptions\FrameworkException::forInvalidFile()
 2 SYSTEMPATH/Common.php(1142): CodeIgniter\View\View->render()
 3 APPPATH/Controllers/Pages.php(40): view()
 4 SYSTEMPATH/CodeIgniter.php(907): App\Controllers\Pages->view()
 5 SYSTEMPATH/CodeIgniter.php(457): CodeIgniter\CodeIgniter->runController()
 6 SYSTEMPATH/CodeIgniter.php(340): CodeIgniter\CodeIgniter->handleRequest()
 7 FCPATH/index.php(71): CodeIgniter\CodeIgniter->run()
CRITICAL - 2025-05-29 16:23:58 --> Invalid file: template/bank-pro/templates.php
in SYSTEMPATH/Exceptions/FrameworkException.php on line 33.
 1 SYSTEMPATH/View/View.php(201): CodeIgniter\Exceptions\FrameworkException::forInvalidFile()
 2 SYSTEMPATH/Common.php(1142): CodeIgniter\View\View->render()
 3 APPPATH/Controllers/Pages.php(40): view()
 4 SYSTEMPATH/CodeIgniter.php(907): App\Controllers\Pages->view()
 5 SYSTEMPATH/CodeIgniter.php(457): CodeIgniter\CodeIgniter->runController()
 6 SYSTEMPATH/CodeIgniter.php(340): CodeIgniter\CodeIgniter->handleRequest()
 7 FCPATH/index.php(71): CodeIgniter\CodeIgniter->run()
CRITICAL - 2025-05-29 16:23:58 --> Invalid file: template/bank-pro/templates.php
in SYSTEMPATH/Exceptions/FrameworkException.php on line 33.
 1 SYSTEMPATH/View/View.php(201): CodeIgniter\Exceptions\FrameworkException::forInvalidFile()
 2 SYSTEMPATH/Common.php(1142): CodeIgniter\View\View->render()
 3 APPPATH/Controllers/Pages.php(40): view()
 4 SYSTEMPATH/CodeIgniter.php(907): App\Controllers\Pages->view()
 5 SYSTEMPATH/CodeIgniter.php(457): CodeIgniter\CodeIgniter->runController()
 6 SYSTEMPATH/CodeIgniter.php(340): CodeIgniter\CodeIgniter->handleRequest()
 7 FCPATH/index.php(71): CodeIgniter\CodeIgniter->run()
CRITICAL - 2025-05-29 16:23:58 --> Invalid file: template/bank-pro/templates.php
in SYSTEMPATH/Exceptions/FrameworkException.php on line 33.
 1 SYSTEMPATH/View/View.php(201): CodeIgniter\Exceptions\FrameworkException::forInvalidFile()
 2 SYSTEMPATH/Common.php(1142): CodeIgniter\View\View->render()
 3 APPPATH/Controllers/Pages.php(40): view()
 4 SYSTEMPATH/CodeIgniter.php(907): App\Controllers\Pages->view()
 5 SYSTEMPATH/CodeIgniter.php(457): CodeIgniter\CodeIgniter->runController()
 6 SYSTEMPATH/CodeIgniter.php(340): CodeIgniter\CodeIgniter->handleRequest()
 7 FCPATH/index.php(71): CodeIgniter\CodeIgniter->run()
CRITICAL - 2025-05-29 16:23:58 --> Invalid file: template/bank-pro/templates.php
in SYSTEMPATH/Exceptions/FrameworkException.php on line 33.
 1 SYSTEMPATH/View/View.php(201): CodeIgniter\Exceptions\FrameworkException::forInvalidFile()
 2 SYSTEMPATH/Common.php(1142): CodeIgniter\View\View->render()
 3 APPPATH/Controllers/Pages.php(40): view()
 4 SYSTEMPATH/CodeIgniter.php(907): App\Controllers\Pages->view()
 5 SYSTEMPATH/CodeIgniter.php(457): CodeIgniter\CodeIgniter->runController()
 6 SYSTEMPATH/CodeIgniter.php(340): CodeIgniter\CodeIgniter->handleRequest()
 7 FCPATH/index.php(71): CodeIgniter\CodeIgniter->run()
CRITICAL - 2025-05-29 16:23:58 --> Invalid file: template/bank-pro/templates.php
in SYSTEMPATH/Exceptions/FrameworkException.php on line 33.
 1 SYSTEMPATH/View/View.php(201): CodeIgniter\Exceptions\FrameworkException::forInvalidFile()
 2 SYSTEMPATH/Common.php(1142): CodeIgniter\View\View->render()
 3 APPPATH/Controllers/Pages.php(40): view()
 4 SYSTEMPATH/CodeIgniter.php(907): App\Controllers\Pages->view()
 5 SYSTEMPATH/CodeIgniter.php(457): CodeIgniter\CodeIgniter->runController()
 6 SYSTEMPATH/CodeIgniter.php(340): CodeIgniter\CodeIgniter->handleRequest()
 7 FCPATH/index.php(71): CodeIgniter\CodeIgniter->run()
CRITICAL - 2025-05-29 16:23:58 --> Invalid file: template/bank-pro/templates.php
in SYSTEMPATH/Exceptions/FrameworkException.php on line 33.
 1 SYSTEMPATH/View/View.php(201): CodeIgniter\Exceptions\FrameworkException::forInvalidFile()
 2 SYSTEMPATH/Common.php(1142): CodeIgniter\View\View->render()
 3 APPPATH/Controllers/Pages.php(40): view()
 4 SYSTEMPATH/CodeIgniter.php(907): App\Controllers\Pages->view()
 5 SYSTEMPATH/CodeIgniter.php(457): CodeIgniter\CodeIgniter->runController()
 6 SYSTEMPATH/CodeIgniter.php(340): CodeIgniter\CodeIgniter->handleRequest()
 7 FCPATH/index.php(71): CodeIgniter\CodeIgniter->run()
CRITICAL - 2025-05-29 16:23:58 --> Invalid file: template/bank-pro/templates.php
in SYSTEMPATH/Exceptions/FrameworkException.php on line 33.
 1 SYSTEMPATH/View/View.php(201): CodeIgniter\Exceptions\FrameworkException::forInvalidFile()
 2 SYSTEMPATH/Common.php(1142): CodeIgniter\View\View->render()
 3 APPPATH/Controllers/Pages.php(40): view()
 4 SYSTEMPATH/CodeIgniter.php(907): App\Controllers\Pages->view()
 5 SYSTEMPATH/CodeIgniter.php(457): CodeIgniter\CodeIgniter->runController()
 6 SYSTEMPATH/CodeIgniter.php(340): CodeIgniter\CodeIgniter->handleRequest()
 7 FCPATH/index.php(71): CodeIgniter\CodeIgniter->run()
CRITICAL - 2025-05-29 16:23:58 --> Invalid file: template/bank-pro/templates.php
in SYSTEMPATH/Exceptions/FrameworkException.php on line 33.
 1 SYSTEMPATH/View/View.php(201): CodeIgniter\Exceptions\FrameworkException::forInvalidFile()
 2 SYSTEMPATH/Common.php(1142): CodeIgniter\View\View->render()
 3 APPPATH/Controllers/Pages.php(40): view()
 4 SYSTEMPATH/CodeIgniter.php(907): App\Controllers\Pages->view()
 5 SYSTEMPATH/CodeIgniter.php(457): CodeIgniter\CodeIgniter->runController()
 6 SYSTEMPATH/CodeIgniter.php(340): CodeIgniter\CodeIgniter->handleRequest()
 7 FCPATH/index.php(71): CodeIgniter\CodeIgniter->run()
CRITICAL - 2025-05-29 16:23:58 --> Invalid file: template/bank-pro/templates.php
in SYSTEMPATH/Exceptions/FrameworkException.php on line 33.
 1 SYSTEMPATH/View/View.php(201): CodeIgniter\Exceptions\FrameworkException::forInvalidFile()
 2 SYSTEMPATH/Common.php(1142): CodeIgniter\View\View->render()
 3 APPPATH/Controllers/Pages.php(40): view()
 4 SYSTEMPATH/CodeIgniter.php(907): App\Controllers\Pages->view()
 5 SYSTEMPATH/CodeIgniter.php(457): CodeIgniter\CodeIgniter->runController()
 6 SYSTEMPATH/CodeIgniter.php(340): CodeIgniter\CodeIgniter->handleRequest()
 7 FCPATH/index.php(71): CodeIgniter\CodeIgniter->run()
CRITICAL - 2025-05-29 16:23:59 --> Invalid file: template/bank-pro/templates.php
in SYSTEMPATH/Exceptions/FrameworkException.php on line 33.
 1 SYSTEMPATH/View/View.php(201): CodeIgniter\Exceptions\FrameworkException::forInvalidFile()
 2 SYSTEMPATH/Common.php(1142): CodeIgniter\View\View->render()
 3 APPPATH/Controllers/Pages.php(40): view()
 4 SYSTEMPATH/CodeIgniter.php(907): App\Controllers\Pages->view()
 5 SYSTEMPATH/CodeIgniter.php(457): CodeIgniter\CodeIgniter->runController()
 6 SYSTEMPATH/CodeIgniter.php(340): CodeIgniter\CodeIgniter->handleRequest()
 7 FCPATH/index.php(71): CodeIgniter\CodeIgniter->run()
CRITICAL - 2025-05-29 16:23:59 --> Invalid file: template/bank-pro/templates.php
in SYSTEMPATH/Exceptions/FrameworkException.php on line 33.
 1 SYSTEMPATH/View/View.php(201): CodeIgniter\Exceptions\FrameworkException::forInvalidFile()
 2 SYSTEMPATH/Common.php(1142): CodeIgniter\View\View->render()
 3 APPPATH/Controllers/Pages.php(40): view()
 4 SYSTEMPATH/CodeIgniter.php(907): App\Controllers\Pages->view()
 5 SYSTEMPATH/CodeIgniter.php(457): CodeIgniter\CodeIgniter->runController()
 6 SYSTEMPATH/CodeIgniter.php(340): CodeIgniter\CodeIgniter->handleRequest()
 7 FCPATH/index.php(71): CodeIgniter\CodeIgniter->run()
CRITICAL - 2025-05-29 16:23:59 --> Invalid file: template/bank-pro/templates.php
in SYSTEMPATH/Exceptions/FrameworkException.php on line 33.
 1 SYSTEMPATH/View/View.php(201): CodeIgniter\Exceptions\FrameworkException::forInvalidFile()
 2 SYSTEMPATH/Common.php(1142): CodeIgniter\View\View->render()
 3 APPPATH/Controllers/Pages.php(40): view()
 4 SYSTEMPATH/CodeIgniter.php(907): App\Controllers\Pages->view()
 5 SYSTEMPATH/CodeIgniter.php(457): CodeIgniter\CodeIgniter->runController()
 6 SYSTEMPATH/CodeIgniter.php(340): CodeIgniter\CodeIgniter->handleRequest()
 7 FCPATH/index.php(71): CodeIgniter\CodeIgniter->run()
CRITICAL - 2025-05-29 16:24:01 --> Invalid file: template/bank-pro/templates.php
in SYSTEMPATH/Exceptions/FrameworkException.php on line 33.
 1 SYSTEMPATH/View/View.php(201): CodeIgniter\Exceptions\FrameworkException::forInvalidFile()
 2 SYSTEMPATH/Common.php(1142): CodeIgniter\View\View->render()
 3 APPPATH/Controllers/Pages.php(40): view()
 4 SYSTEMPATH/CodeIgniter.php(907): App\Controllers\Pages->view()
 5 SYSTEMPATH/CodeIgniter.php(457): CodeIgniter\CodeIgniter->runController()
 6 SYSTEMPATH/CodeIgniter.php(340): CodeIgniter\CodeIgniter->handleRequest()
 7 FCPATH/index.php(71): CodeIgniter\CodeIgniter->run()
CRITICAL - 2025-05-29 16:24:01 --> Invalid file: template/bank-pro/templates.php
in SYSTEMPATH/Exceptions/FrameworkException.php on line 33.
 1 SYSTEMPATH/View/View.php(201): CodeIgniter\Exceptions\FrameworkException::forInvalidFile()
 2 SYSTEMPATH/Common.php(1142): CodeIgniter\View\View->render()
 3 APPPATH/Controllers/Pages.php(40): view()
 4 SYSTEMPATH/CodeIgniter.php(907): App\Controllers\Pages->view()
 5 SYSTEMPATH/CodeIgniter.php(457): CodeIgniter\CodeIgniter->runController()
 6 SYSTEMPATH/CodeIgniter.php(340): CodeIgniter\CodeIgniter->handleRequest()
 7 FCPATH/index.php(71): CodeIgniter\CodeIgniter->run()
CRITICAL - 2025-05-29 16:24:01 --> Invalid file: template/bank-pro/templates.php
in SYSTEMPATH/Exceptions/FrameworkException.php on line 33.
 1 SYSTEMPATH/View/View.php(201): CodeIgniter\Exceptions\FrameworkException::forInvalidFile()
 2 SYSTEMPATH/Common.php(1142): CodeIgniter\View\View->render()
 3 APPPATH/Controllers/Pages.php(40): view()
 4 SYSTEMPATH/CodeIgniter.php(907): App\Controllers\Pages->view()
 5 SYSTEMPATH/CodeIgniter.php(457): CodeIgniter\CodeIgniter->runController()
 6 SYSTEMPATH/CodeIgniter.php(340): CodeIgniter\CodeIgniter->handleRequest()
 7 FCPATH/index.php(71): CodeIgniter\CodeIgniter->run()
CRITICAL - 2025-05-29 16:24:01 --> Invalid file: template/bank-pro/templates.php
in SYSTEMPATH/Exceptions/FrameworkException.php on line 33.
 1 SYSTEMPATH/View/View.php(201): CodeIgniter\Exceptions\FrameworkException::forInvalidFile()
 2 SYSTEMPATH/Common.php(1142): CodeIgniter\View\View->render()
 3 APPPATH/Controllers/Pages.php(40): view()
 4 SYSTEMPATH/CodeIgniter.php(907): App\Controllers\Pages->view()
 5 SYSTEMPATH/CodeIgniter.php(457): CodeIgniter\CodeIgniter->runController()
 6 SYSTEMPATH/CodeIgniter.php(340): CodeIgniter\CodeIgniter->handleRequest()
 7 FCPATH/index.php(71): CodeIgniter\CodeIgniter->run()
CRITICAL - 2025-05-29 16:24:06 --> Invalid file: template/bank-pro/templates.php
in SYSTEMPATH/Exceptions/FrameworkException.php on line 33.
 1 SYSTEMPATH/View/View.php(201): CodeIgniter\Exceptions\FrameworkException::forInvalidFile()
 2 SYSTEMPATH/Common.php(1142): CodeIgniter\View\View->render()
 3 APPPATH/Controllers/Pages.php(40): view()
 4 SYSTEMPATH/CodeIgniter.php(907): App\Controllers\Pages->view()
 5 SYSTEMPATH/CodeIgniter.php(457): CodeIgniter\CodeIgniter->runController()
 6 SYSTEMPATH/CodeIgniter.php(340): CodeIgniter\CodeIgniter->handleRequest()
 7 FCPATH/index.php(71): CodeIgniter\CodeIgniter->run()
CRITICAL - 2025-05-29 16:24:06 --> Invalid file: template/bank-pro/templates.php
in SYSTEMPATH/Exceptions/FrameworkException.php on line 33.
 1 SYSTEMPATH/View/View.php(201): CodeIgniter\Exceptions\FrameworkException::forInvalidFile()
 2 SYSTEMPATH/Common.php(1142): CodeIgniter\View\View->render()
 3 APPPATH/Controllers/Pages.php(40): view()
 4 SYSTEMPATH/CodeIgniter.php(907): App\Controllers\Pages->view()
 5 SYSTEMPATH/CodeIgniter.php(457): CodeIgniter\CodeIgniter->runController()
 6 SYSTEMPATH/CodeIgniter.php(340): CodeIgniter\CodeIgniter->handleRequest()
 7 FCPATH/index.php(71): CodeIgniter\CodeIgniter->run()
CRITICAL - 2025-05-29 16:24:06 --> Invalid file: template/bank-pro/templates.php
in SYSTEMPATH/Exceptions/FrameworkException.php on line 33.
 1 SYSTEMPATH/View/View.php(201): CodeIgniter\Exceptions\FrameworkException::forInvalidFile()
 2 SYSTEMPATH/Common.php(1142): CodeIgniter\View\View->render()
 3 APPPATH/Controllers/Pages.php(40): view()
 4 SYSTEMPATH/CodeIgniter.php(907): App\Controllers\Pages->view()
 5 SYSTEMPATH/CodeIgniter.php(457): CodeIgniter\CodeIgniter->runController()
 6 SYSTEMPATH/CodeIgniter.php(340): CodeIgniter\CodeIgniter->handleRequest()
 7 FCPATH/index.php(71): CodeIgniter\CodeIgniter->run()
CRITICAL - 2025-05-29 16:24:06 --> Invalid file: template/bank-pro/templates.php
in SYSTEMPATH/Exceptions/FrameworkException.php on line 33.
 1 SYSTEMPATH/View/View.php(201): CodeIgniter\Exceptions\FrameworkException::forInvalidFile()
 2 SYSTEMPATH/Common.php(1142): CodeIgniter\View\View->render()
 3 APPPATH/Controllers/Pages.php(40): view()
 4 SYSTEMPATH/CodeIgniter.php(907): App\Controllers\Pages->view()
 5 SYSTEMPATH/CodeIgniter.php(457): CodeIgniter\CodeIgniter->runController()
 6 SYSTEMPATH/CodeIgniter.php(340): CodeIgniter\CodeIgniter->handleRequest()
 7 FCPATH/index.php(71): CodeIgniter\CodeIgniter->run()
CRITICAL - 2025-05-29 16:57:08 --> Invalid file: template/bank-pro/templates.php
in SYSTEMPATH/Exceptions/FrameworkException.php on line 33.
 1 SYSTEMPATH/View/View.php(201): CodeIgniter\Exceptions\FrameworkException::forInvalidFile()
 2 SYSTEMPATH/Common.php(1142): CodeIgniter\View\View->render()
 3 APPPATH/Controllers/Pages.php(40): view()
 4 SYSTEMPATH/CodeIgniter.php(907): App\Controllers\Pages->view()
 5 SYSTEMPATH/CodeIgniter.php(457): CodeIgniter\CodeIgniter->runController()
 6 SYSTEMPATH/CodeIgniter.php(340): CodeIgniter\CodeIgniter->handleRequest()
 7 FCPATH/index.php(71): CodeIgniter\CodeIgniter->run()
CRITICAL - 2025-05-29 16:57:17 --> Invalid file: template/bank-pro/templates.php
in SYSTEMPATH/Exceptions/FrameworkException.php on line 33.
 1 SYSTEMPATH/View/View.php(201): CodeIgniter\Exceptions\FrameworkException::forInvalidFile()
 2 SYSTEMPATH/Common.php(1142): CodeIgniter\View\View->render()
 3 APPPATH/Controllers/Pages.php(40): view()
 4 SYSTEMPATH/CodeIgniter.php(907): App\Controllers\Pages->view()
 5 SYSTEMPATH/CodeIgniter.php(457): CodeIgniter\CodeIgniter->runController()
 6 SYSTEMPATH/CodeIgniter.php(340): CodeIgniter\CodeIgniter->handleRequest()
 7 FCPATH/index.php(71): CodeIgniter\CodeIgniter->run()
CRITICAL - 2025-05-29 16:57:17 --> Invalid file: template/bank-pro/templates.php
in SYSTEMPATH/Exceptions/FrameworkException.php on line 33.
 1 SYSTEMPATH/View/View.php(201): CodeIgniter\Exceptions\FrameworkException::forInvalidFile()
 2 SYSTEMPATH/Common.php(1142): CodeIgniter\View\View->render()
 3 APPPATH/Controllers/Pages.php(40): view()
 4 SYSTEMPATH/CodeIgniter.php(907): App\Controllers\Pages->view()
 5 SYSTEMPATH/CodeIgniter.php(457): CodeIgniter\CodeIgniter->runController()
 6 SYSTEMPATH/CodeIgniter.php(340): CodeIgniter\CodeIgniter->handleRequest()
 7 FCPATH/index.php(71): CodeIgniter\CodeIgniter->run()
CRITICAL - 2025-05-29 16:57:20 --> Invalid file: template/bank-pro/apple-touch-icon-precomposed.png
in SYSTEMPATH/Exceptions/FrameworkException.php on line 33.
 1 SYSTEMPATH/View/View.php(201): CodeIgniter\Exceptions\FrameworkException::forInvalidFile()
 2 SYSTEMPATH/Common.php(1142): CodeIgniter\View\View->render()
 3 APPPATH/Controllers/Pages.php(40): view()
 4 SYSTEMPATH/CodeIgniter.php(907): App\Controllers\Pages->view()
 5 SYSTEMPATH/CodeIgniter.php(457): CodeIgniter\CodeIgniter->runController()
 6 SYSTEMPATH/CodeIgniter.php(340): CodeIgniter\CodeIgniter->handleRequest()
 7 FCPATH/index.php(71): CodeIgniter\CodeIgniter->run()
CRITICAL - 2025-05-29 16:57:20 --> Invalid file: template/bank-pro/apple-touch-icon.png
in SYSTEMPATH/Exceptions/FrameworkException.php on line 33.
 1 SYSTEMPATH/View/View.php(201): CodeIgniter\Exceptions\FrameworkException::forInvalidFile()
 2 SYSTEMPATH/Common.php(1142): CodeIgniter\View\View->render()
 3 APPPATH/Controllers/Pages.php(40): view()
 4 SYSTEMPATH/CodeIgniter.php(907): App\Controllers\Pages->view()
 5 SYSTEMPATH/CodeIgniter.php(457): CodeIgniter\CodeIgniter->runController()
 6 SYSTEMPATH/CodeIgniter.php(340): CodeIgniter\CodeIgniter->handleRequest()
 7 FCPATH/index.php(71): CodeIgniter\CodeIgniter->run()
CRITICAL - 2025-05-29 16:58:01 --> Invalid file: template/bank-pro/templates.php
in SYSTEMPATH/Exceptions/FrameworkException.php on line 33.
 1 SYSTEMPATH/View/View.php(201): CodeIgniter\Exceptions\FrameworkException::forInvalidFile()
 2 SYSTEMPATH/Common.php(1142): CodeIgniter\View\View->render()
 3 APPPATH/Controllers/Pages.php(40): view()
 4 SYSTEMPATH/CodeIgniter.php(907): App\Controllers\Pages->view()
 5 SYSTEMPATH/CodeIgniter.php(457): CodeIgniter\CodeIgniter->runController()
 6 SYSTEMPATH/CodeIgniter.php(340): CodeIgniter\CodeIgniter->handleRequest()
 7 FCPATH/index.php(71): CodeIgniter\CodeIgniter->run()
CRITICAL - 2025-05-29 16:58:15 --> Invalid file: template/bank-pro/assets.php
in SYSTEMPATH/Exceptions/FrameworkException.php on line 33.
 1 SYSTEMPATH/View/View.php(201): CodeIgniter\Exceptions\FrameworkException::forInvalidFile()
 2 SYSTEMPATH/Common.php(1142): CodeIgniter\View\View->render()
 3 APPPATH/Controllers/Pages.php(40): view()
 4 SYSTEMPATH/CodeIgniter.php(907): App\Controllers\Pages->view()
 5 SYSTEMPATH/CodeIgniter.php(457): CodeIgniter\CodeIgniter->runController()
 6 SYSTEMPATH/CodeIgniter.php(340): CodeIgniter\CodeIgniter->handleRequest()
 7 FCPATH/index.php(71): CodeIgniter\CodeIgniter->run()
CRITICAL - 2025-05-29 16:58:36 --> Invalid file: template/bank-pro/apple-touch-icon.png
in SYSTEMPATH/Exceptions/FrameworkException.php on line 33.
 1 SYSTEMPATH/View/View.php(201): CodeIgniter\Exceptions\FrameworkException::forInvalidFile()
 2 SYSTEMPATH/Common.php(1142): CodeIgniter\View\View->render()
 3 APPPATH/Controllers/Pages.php(40): view()
 4 SYSTEMPATH/CodeIgniter.php(907): App\Controllers\Pages->view()
 5 SYSTEMPATH/CodeIgniter.php(457): CodeIgniter\CodeIgniter->runController()
 6 SYSTEMPATH/CodeIgniter.php(340): CodeIgniter\CodeIgniter->handleRequest()
 7 FCPATH/index.php(71): CodeIgniter\CodeIgniter->run()
CRITICAL - 2025-05-29 16:58:36 --> Invalid file: template/bank-pro/apple-touch-icon-precomposed.png
in SYSTEMPATH/Exceptions/FrameworkException.php on line 33.
 1 SYSTEMPATH/View/View.php(201): CodeIgniter\Exceptions\FrameworkException::forInvalidFile()
 2 SYSTEMPATH/Common.php(1142): CodeIgniter\View\View->render()
 3 APPPATH/Controllers/Pages.php(40): view()
 4 SYSTEMPATH/CodeIgniter.php(907): App\Controllers\Pages->view()
 5 SYSTEMPATH/CodeIgniter.php(457): CodeIgniter\CodeIgniter->runController()
 6 SYSTEMPATH/CodeIgniter.php(340): CodeIgniter\CodeIgniter->handleRequest()
 7 FCPATH/index.php(71): CodeIgniter\CodeIgniter->run()
CRITICAL - 2025-05-29 16:58:52 --> Invalid file: template/bank-pro/assets.php
in SYSTEMPATH/Exceptions/FrameworkException.php on line 33.
 1 SYSTEMPATH/View/View.php(201): CodeIgniter\Exceptions\FrameworkException::forInvalidFile()
 2 SYSTEMPATH/Common.php(1142): CodeIgniter\View\View->render()
 3 APPPATH/Controllers/Pages.php(40): view()
 4 SYSTEMPATH/CodeIgniter.php(907): App\Controllers\Pages->view()
 5 SYSTEMPATH/CodeIgniter.php(457): CodeIgniter\CodeIgniter->runController()
 6 SYSTEMPATH/CodeIgniter.php(340): CodeIgniter\CodeIgniter->handleRequest()
 7 FCPATH/index.php(71): CodeIgniter\CodeIgniter->run()
CRITICAL - 2025-05-29 16:59:01 --> Invalid file: template/bank-pro/assets.php
in SYSTEMPATH/Exceptions/FrameworkException.php on line 33.
 1 SYSTEMPATH/View/View.php(201): CodeIgniter\Exceptions\FrameworkException::forInvalidFile()
 2 SYSTEMPATH/Common.php(1142): CodeIgniter\View\View->render()
 3 APPPATH/Controllers/Pages.php(40): view()
 4 SYSTEMPATH/CodeIgniter.php(907): App\Controllers\Pages->view()
 5 SYSTEMPATH/CodeIgniter.php(457): CodeIgniter\CodeIgniter->runController()
 6 SYSTEMPATH/CodeIgniter.php(340): CodeIgniter\CodeIgniter->handleRequest()
 7 FCPATH/index.php(71): CodeIgniter\CodeIgniter->run()
CRITICAL - 2025-05-29 16:59:08 --> Invalid file: template/bank-pro/assets.php
in SYSTEMPATH/Exceptions/FrameworkException.php on line 33.
 1 SYSTEMPATH/View/View.php(201): CodeIgniter\Exceptions\FrameworkException::forInvalidFile()
 2 SYSTEMPATH/Common.php(1142): CodeIgniter\View\View->render()
 3 APPPATH/Controllers/Pages.php(40): view()
 4 SYSTEMPATH/CodeIgniter.php(907): App\Controllers\Pages->view()
 5 SYSTEMPATH/CodeIgniter.php(457): CodeIgniter\CodeIgniter->runController()
 6 SYSTEMPATH/CodeIgniter.php(340): CodeIgniter\CodeIgniter->handleRequest()
 7 FCPATH/index.php(71): CodeIgniter\CodeIgniter->run()
CRITICAL - 2025-05-29 16:59:11 --> Invalid file: template/bank-pro/assets.php
in SYSTEMPATH/Exceptions/FrameworkException.php on line 33.
 1 SYSTEMPATH/View/View.php(201): CodeIgniter\Exceptions\FrameworkException::forInvalidFile()
 2 SYSTEMPATH/Common.php(1142): CodeIgniter\View\View->render()
 3 APPPATH/Controllers/Pages.php(40): view()
 4 SYSTEMPATH/CodeIgniter.php(907): App\Controllers\Pages->view()
 5 SYSTEMPATH/CodeIgniter.php(457): CodeIgniter\CodeIgniter->runController()
 6 SYSTEMPATH/CodeIgniter.php(340): CodeIgniter\CodeIgniter->handleRequest()
 7 FCPATH/index.php(71): CodeIgniter\CodeIgniter->run()
CRITICAL - 2025-05-29 16:59:11 --> Invalid file: template/bank-pro/assets.php
in SYSTEMPATH/Exceptions/FrameworkException.php on line 33.
 1 SYSTEMPATH/View/View.php(201): CodeIgniter\Exceptions\FrameworkException::forInvalidFile()
 2 SYSTEMPATH/Common.php(1142): CodeIgniter\View\View->render()
 3 APPPATH/Controllers/Pages.php(40): view()
 4 SYSTEMPATH/CodeIgniter.php(907): App\Controllers\Pages->view()
 5 SYSTEMPATH/CodeIgniter.php(457): CodeIgniter\CodeIgniter->runController()
 6 SYSTEMPATH/CodeIgniter.php(340): CodeIgniter\CodeIgniter->handleRequest()
 7 FCPATH/index.php(71): CodeIgniter\CodeIgniter->run()
CRITICAL - 2025-05-29 16:59:11 --> Invalid file: template/bank-pro/assets.php
in SYSTEMPATH/Exceptions/FrameworkException.php on line 33.
 1 SYSTEMPATH/View/View.php(201): CodeIgniter\Exceptions\FrameworkException::forInvalidFile()
 2 SYSTEMPATH/Common.php(1142): CodeIgniter\View\View->render()
 3 APPPATH/Controllers/Pages.php(40): view()
 4 SYSTEMPATH/CodeIgniter.php(907): App\Controllers\Pages->view()
 5 SYSTEMPATH/CodeIgniter.php(457): CodeIgniter\CodeIgniter->runController()
 6 SYSTEMPATH/CodeIgniter.php(340): CodeIgniter\CodeIgniter->handleRequest()
 7 FCPATH/index.php(71): CodeIgniter\CodeIgniter->run()
CRITICAL - 2025-05-29 16:59:29 --> Invalid file: template/bank-pro/assets.php
in SYSTEMPATH/Exceptions/FrameworkException.php on line 33.
 1 SYSTEMPATH/View/View.php(201): CodeIgniter\Exceptions\FrameworkException::forInvalidFile()
 2 SYSTEMPATH/Common.php(1142): CodeIgniter\View\View->render()
 3 APPPATH/Controllers/Pages.php(40): view()
 4 SYSTEMPATH/CodeIgniter.php(907): App\Controllers\Pages->view()
 5 SYSTEMPATH/CodeIgniter.php(457): CodeIgniter\CodeIgniter->runController()
 6 SYSTEMPATH/CodeIgniter.php(340): CodeIgniter\CodeIgniter->handleRequest()
 7 FCPATH/index.php(71): CodeIgniter\CodeIgniter->run()
CRITICAL - 2025-05-29 16:59:29 --> Invalid file: template/bank-pro/assets.php
in SYSTEMPATH/Exceptions/FrameworkException.php on line 33.
 1 SYSTEMPATH/View/View.php(201): CodeIgniter\Exceptions\FrameworkException::forInvalidFile()
 2 SYSTEMPATH/Common.php(1142): CodeIgniter\View\View->render()
 3 APPPATH/Controllers/Pages.php(40): view()
 4 SYSTEMPATH/CodeIgniter.php(907): App\Controllers\Pages->view()
 5 SYSTEMPATH/CodeIgniter.php(457): CodeIgniter\CodeIgniter->runController()
 6 SYSTEMPATH/CodeIgniter.php(340): CodeIgniter\CodeIgniter->handleRequest()
 7 FCPATH/index.php(71): CodeIgniter\CodeIgniter->run()
CRITICAL - 2025-05-29 16:59:29 --> Invalid file: template/bank-pro/assets.php
in SYSTEMPATH/Exceptions/FrameworkException.php on line 33.
 1 SYSTEMPATH/View/View.php(201): CodeIgniter\Exceptions\FrameworkException::forInvalidFile()
 2 SYSTEMPATH/Common.php(1142): CodeIgniter\View\View->render()
 3 APPPATH/Controllers/Pages.php(40): view()
 4 SYSTEMPATH/CodeIgniter.php(907): App\Controllers\Pages->view()
 5 SYSTEMPATH/CodeIgniter.php(457): CodeIgniter\CodeIgniter->runController()
 6 SYSTEMPATH/CodeIgniter.php(340): CodeIgniter\CodeIgniter->handleRequest()
 7 FCPATH/index.php(71): CodeIgniter\CodeIgniter->run()
CRITICAL - 2025-05-29 16:59:36 --> Invalid file: template/bank-pro/templates.php
in SYSTEMPATH/Exceptions/FrameworkException.php on line 33.
 1 SYSTEMPATH/View/View.php(201): CodeIgniter\Exceptions\FrameworkException::forInvalidFile()
 2 SYSTEMPATH/Common.php(1142): CodeIgniter\View\View->render()
 3 APPPATH/Controllers/Pages.php(40): view()
 4 SYSTEMPATH/CodeIgniter.php(907): App\Controllers\Pages->view()
 5 SYSTEMPATH/CodeIgniter.php(457): CodeIgniter\CodeIgniter->runController()
 6 SYSTEMPATH/CodeIgniter.php(340): CodeIgniter\CodeIgniter->handleRequest()
 7 FCPATH/index.php(71): CodeIgniter\CodeIgniter->run()
CRITICAL - 2025-05-29 16:59:51 --> Invalid file: template/bank-pro/templates.php
in SYSTEMPATH/Exceptions/FrameworkException.php on line 33.
 1 SYSTEMPATH/View/View.php(201): CodeIgniter\Exceptions\FrameworkException::forInvalidFile()
 2 SYSTEMPATH/Common.php(1142): CodeIgniter\View\View->render()
 3 APPPATH/Controllers/Pages.php(40): view()
 4 SYSTEMPATH/CodeIgniter.php(907): App\Controllers\Pages->view()
 5 SYSTEMPATH/CodeIgniter.php(457): CodeIgniter\CodeIgniter->runController()
 6 SYSTEMPATH/CodeIgniter.php(340): CodeIgniter\CodeIgniter->handleRequest()
 7 FCPATH/index.php(71): CodeIgniter\CodeIgniter->run()
CRITICAL - 2025-05-29 16:59:51 --> Invalid file: template/bank-pro/templates.php
in SYSTEMPATH/Exceptions/FrameworkException.php on line 33.
 1 SYSTEMPATH/View/View.php(201): CodeIgniter\Exceptions\FrameworkException::forInvalidFile()
 2 SYSTEMPATH/Common.php(1142): CodeIgniter\View\View->render()
 3 APPPATH/Controllers/Pages.php(40): view()
 4 SYSTEMPATH/CodeIgniter.php(907): App\Controllers\Pages->view()
 5 SYSTEMPATH/CodeIgniter.php(457): CodeIgniter\CodeIgniter->runController()
 6 SYSTEMPATH/CodeIgniter.php(340): CodeIgniter\CodeIgniter->handleRequest()
 7 FCPATH/index.php(71): CodeIgniter\CodeIgniter->run()
CRITICAL - 2025-05-29 16:59:51 --> Invalid file: template/bank-pro/templates.php
in SYSTEMPATH/Exceptions/FrameworkException.php on line 33.
 1 SYSTEMPATH/View/View.php(201): CodeIgniter\Exceptions\FrameworkException::forInvalidFile()
 2 SYSTEMPATH/Common.php(1142): CodeIgniter\View\View->render()
 3 APPPATH/Controllers/Pages.php(40): view()
 4 SYSTEMPATH/CodeIgniter.php(907): App\Controllers\Pages->view()
 5 SYSTEMPATH/CodeIgniter.php(457): CodeIgniter\CodeIgniter->runController()
 6 SYSTEMPATH/CodeIgniter.php(340): CodeIgniter\CodeIgniter->handleRequest()
 7 FCPATH/index.php(71): CodeIgniter\CodeIgniter->run()
CRITICAL - 2025-05-29 17:00:59 --> Invalid file: template/bank-pro/assets.php
in SYSTEMPATH/Exceptions/FrameworkException.php on line 33.
 1 SYSTEMPATH/View/View.php(201): CodeIgniter\Exceptions\FrameworkException::forInvalidFile()
 2 SYSTEMPATH/Common.php(1142): CodeIgniter\View\View->render()
 3 APPPATH/Controllers/Pages.php(40): view()
 4 SYSTEMPATH/CodeIgniter.php(907): App\Controllers\Pages->view()
 5 SYSTEMPATH/CodeIgniter.php(457): CodeIgniter\CodeIgniter->runController()
 6 SYSTEMPATH/CodeIgniter.php(340): CodeIgniter\CodeIgniter->handleRequest()
 7 FCPATH/index.php(71): CodeIgniter\CodeIgniter->run()
CRITICAL - 2025-05-29 17:00:59 --> Invalid file: template/bank-pro/assets.php
in SYSTEMPATH/Exceptions/FrameworkException.php on line 33.
 1 SYSTEMPATH/View/View.php(201): CodeIgniter\Exceptions\FrameworkException::forInvalidFile()
 2 SYSTEMPATH/Common.php(1142): CodeIgniter\View\View->render()
 3 APPPATH/Controllers/Pages.php(40): view()
 4 SYSTEMPATH/CodeIgniter.php(907): App\Controllers\Pages->view()
 5 SYSTEMPATH/CodeIgniter.php(457): CodeIgniter\CodeIgniter->runController()
 6 SYSTEMPATH/CodeIgniter.php(340): CodeIgniter\CodeIgniter->handleRequest()
 7 FCPATH/index.php(71): CodeIgniter\CodeIgniter->run()
CRITICAL - 2025-05-29 17:00:59 --> Invalid file: template/bank-pro/assets.php
in SYSTEMPATH/Exceptions/FrameworkException.php on line 33.
 1 SYSTEMPATH/View/View.php(201): CodeIgniter\Exceptions\FrameworkException::forInvalidFile()
 2 SYSTEMPATH/Common.php(1142): CodeIgniter\View\View->render()
 3 APPPATH/Controllers/Pages.php(40): view()
 4 SYSTEMPATH/CodeIgniter.php(907): App\Controllers\Pages->view()
 5 SYSTEMPATH/CodeIgniter.php(457): CodeIgniter\CodeIgniter->runController()
 6 SYSTEMPATH/CodeIgniter.php(340): CodeIgniter\CodeIgniter->handleRequest()
 7 FCPATH/index.php(71): CodeIgniter\CodeIgniter->run()
CRITICAL - 2025-05-29 17:01:00 --> Invalid file: template/bank-pro/assets.php
in SYSTEMPATH/Exceptions/FrameworkException.php on line 33.
 1 SYSTEMPATH/View/View.php(201): CodeIgniter\Exceptions\FrameworkException::forInvalidFile()
 2 SYSTEMPATH/Common.php(1142): CodeIgniter\View\View->render()
 3 APPPATH/Controllers/Pages.php(40): view()
 4 SYSTEMPATH/CodeIgniter.php(907): App\Controllers\Pages->view()
 5 SYSTEMPATH/CodeIgniter.php(457): CodeIgniter\CodeIgniter->runController()
 6 SYSTEMPATH/CodeIgniter.php(340): CodeIgniter\CodeIgniter->handleRequest()
 7 FCPATH/index.php(71): CodeIgniter\CodeIgniter->run()
CRITICAL - 2025-05-29 17:01:15 --> Invalid file: template/bank-pro/assets.php
in SYSTEMPATH/Exceptions/FrameworkException.php on line 33.
 1 SYSTEMPATH/View/View.php(201): CodeIgniter\Exceptions\FrameworkException::forInvalidFile()
 2 SYSTEMPATH/Common.php(1142): CodeIgniter\View\View->render()
 3 APPPATH/Controllers/Pages.php(40): view()
 4 SYSTEMPATH/CodeIgniter.php(907): App\Controllers\Pages->view()
 5 SYSTEMPATH/CodeIgniter.php(457): CodeIgniter\CodeIgniter->runController()
 6 SYSTEMPATH/CodeIgniter.php(340): CodeIgniter\CodeIgniter->handleRequest()
 7 FCPATH/index.php(71): CodeIgniter\CodeIgniter->run()
CRITICAL - 2025-05-29 17:01:32 --> Invalid file: template/bank-pro/assets.php
in SYSTEMPATH/Exceptions/FrameworkException.php on line 33.
 1 SYSTEMPATH/View/View.php(201): CodeIgniter\Exceptions\FrameworkException::forInvalidFile()
 2 SYSTEMPATH/Common.php(1142): CodeIgniter\View\View->render()
 3 APPPATH/Controllers/Pages.php(40): view()
 4 SYSTEMPATH/CodeIgniter.php(907): App\Controllers\Pages->view()
 5 SYSTEMPATH/CodeIgniter.php(457): CodeIgniter\CodeIgniter->runController()
 6 SYSTEMPATH/CodeIgniter.php(340): CodeIgniter\CodeIgniter->handleRequest()
 7 FCPATH/index.php(71): CodeIgniter\CodeIgniter->run()
CRITICAL - 2025-05-29 17:01:36 --> Invalid file: template/bank-pro/templates.php
in SYSTEMPATH/Exceptions/FrameworkException.php on line 33.
 1 SYSTEMPATH/View/View.php(201): CodeIgniter\Exceptions\FrameworkException::forInvalidFile()
 2 SYSTEMPATH/Common.php(1142): CodeIgniter\View\View->render()
 3 APPPATH/Controllers/Pages.php(40): view()
 4 SYSTEMPATH/CodeIgniter.php(907): App\Controllers\Pages->view()
 5 SYSTEMPATH/CodeIgniter.php(457): CodeIgniter\CodeIgniter->runController()
 6 SYSTEMPATH/CodeIgniter.php(340): CodeIgniter\CodeIgniter->handleRequest()
 7 FCPATH/index.php(71): CodeIgniter\CodeIgniter->run()
CRITICAL - 2025-05-29 17:01:47 --> Invalid file: template/bank-pro/templates.php
in SYSTEMPATH/Exceptions/FrameworkException.php on line 33.
 1 SYSTEMPATH/View/View.php(201): CodeIgniter\Exceptions\FrameworkException::forInvalidFile()
 2 SYSTEMPATH/Common.php(1142): CodeIgniter\View\View->render()
 3 APPPATH/Controllers/Pages.php(40): view()
 4 SYSTEMPATH/CodeIgniter.php(907): App\Controllers\Pages->view()
 5 SYSTEMPATH/CodeIgniter.php(457): CodeIgniter\CodeIgniter->runController()
 6 SYSTEMPATH/CodeIgniter.php(340): CodeIgniter\CodeIgniter->handleRequest()
 7 FCPATH/index.php(71): CodeIgniter\CodeIgniter->run()
CRITICAL - 2025-05-29 17:01:48 --> Invalid file: template/bank-pro/templates.php
in SYSTEMPATH/Exceptions/FrameworkException.php on line 33.
 1 SYSTEMPATH/View/View.php(201): CodeIgniter\Exceptions\FrameworkException::forInvalidFile()
 2 SYSTEMPATH/Common.php(1142): CodeIgniter\View\View->render()
 3 APPPATH/Controllers/Pages.php(40): view()
 4 SYSTEMPATH/CodeIgniter.php(907): App\Controllers\Pages->view()
 5 SYSTEMPATH/CodeIgniter.php(457): CodeIgniter\CodeIgniter->runController()
 6 SYSTEMPATH/CodeIgniter.php(340): CodeIgniter\CodeIgniter->handleRequest()
 7 FCPATH/index.php(71): CodeIgniter\CodeIgniter->run()
CRITICAL - 2025-05-29 17:01:48 --> Invalid file: template/bank-pro/templates.php
in SYSTEMPATH/Exceptions/FrameworkException.php on line 33.
 1 SYSTEMPATH/View/View.php(201): CodeIgniter\Exceptions\FrameworkException::forInvalidFile()
 2 SYSTEMPATH/Common.php(1142): CodeIgniter\View\View->render()
 3 APPPATH/Controllers/Pages.php(40): view()
 4 SYSTEMPATH/CodeIgniter.php(907): App\Controllers\Pages->view()
 5 SYSTEMPATH/CodeIgniter.php(457): CodeIgniter\CodeIgniter->runController()
 6 SYSTEMPATH/CodeIgniter.php(340): CodeIgniter\CodeIgniter->handleRequest()
 7 FCPATH/index.php(71): CodeIgniter\CodeIgniter->run()
CRITICAL - 2025-05-29 17:03:14 --> Invalid file: template/bank-pro/assets.php
in SYSTEMPATH/Exceptions/FrameworkException.php on line 33.
 1 SYSTEMPATH/View/View.php(201): CodeIgniter\Exceptions\FrameworkException::forInvalidFile()
 2 SYSTEMPATH/Common.php(1142): CodeIgniter\View\View->render()
 3 APPPATH/Controllers/Pages.php(40): view()
 4 SYSTEMPATH/CodeIgniter.php(907): App\Controllers\Pages->view()
 5 SYSTEMPATH/CodeIgniter.php(457): CodeIgniter\CodeIgniter->runController()
 6 SYSTEMPATH/CodeIgniter.php(340): CodeIgniter\CodeIgniter->handleRequest()
 7 FCPATH/index.php(71): CodeIgniter\CodeIgniter->run()
CRITICAL - 2025-05-29 17:03:24 --> Invalid file: template/bank-pro/templates.php
in SYSTEMPATH/Exceptions/FrameworkException.php on line 33.
 1 SYSTEMPATH/View/View.php(201): CodeIgniter\Exceptions\FrameworkException::forInvalidFile()
 2 SYSTEMPATH/Common.php(1142): CodeIgniter\View\View->render()
 3 APPPATH/Controllers/Pages.php(40): view()
 4 SYSTEMPATH/CodeIgniter.php(907): App\Controllers\Pages->view()
 5 SYSTEMPATH/CodeIgniter.php(457): CodeIgniter\CodeIgniter->runController()
 6 SYSTEMPATH/CodeIgniter.php(340): CodeIgniter\CodeIgniter->handleRequest()
 7 FCPATH/index.php(71): CodeIgniter\CodeIgniter->run()
CRITICAL - 2025-05-29 17:03:38 --> Invalid file: template/bank-pro/assets.php
in SYSTEMPATH/Exceptions/FrameworkException.php on line 33.
 1 SYSTEMPATH/View/View.php(201): CodeIgniter\Exceptions\FrameworkException::forInvalidFile()
 2 SYSTEMPATH/Common.php(1142): CodeIgniter\View\View->render()
 3 APPPATH/Controllers/Pages.php(40): view()
 4 SYSTEMPATH/CodeIgniter.php(907): App\Controllers\Pages->view()
 5 SYSTEMPATH/CodeIgniter.php(457): CodeIgniter\CodeIgniter->runController()
 6 SYSTEMPATH/CodeIgniter.php(340): CodeIgniter\CodeIgniter->handleRequest()
 7 FCPATH/index.php(71): CodeIgniter\CodeIgniter->run()
CRITICAL - 2025-05-29 17:04:09 --> Invalid file: template/bank-pro/assets.php
in SYSTEMPATH/Exceptions/FrameworkException.php on line 33.
 1 SYSTEMPATH/View/View.php(201): CodeIgniter\Exceptions\FrameworkException::forInvalidFile()
 2 SYSTEMPATH/Common.php(1142): CodeIgniter\View\View->render()
 3 APPPATH/Controllers/Pages.php(40): view()
 4 SYSTEMPATH/CodeIgniter.php(907): App\Controllers\Pages->view()
 5 SYSTEMPATH/CodeIgniter.php(457): CodeIgniter\CodeIgniter->runController()
 6 SYSTEMPATH/CodeIgniter.php(340): CodeIgniter\CodeIgniter->handleRequest()
 7 FCPATH/index.php(71): CodeIgniter\CodeIgniter->run()
CRITICAL - 2025-05-29 17:36:20 --> Invalid file: template/bank-pro/templates.php
in SYSTEMPATH/Exceptions/FrameworkException.php on line 33.
 1 SYSTEMPATH/View/View.php(201): CodeIgniter\Exceptions\FrameworkException::forInvalidFile()
 2 SYSTEMPATH/Common.php(1142): CodeIgniter\View\View->render()
 3 APPPATH/Controllers/Pages.php(40): view()
 4 SYSTEMPATH/CodeIgniter.php(907): App\Controllers\Pages->view()
 5 SYSTEMPATH/CodeIgniter.php(457): CodeIgniter\CodeIgniter->runController()
 6 SYSTEMPATH/CodeIgniter.php(340): CodeIgniter\CodeIgniter->handleRequest()
 7 FCPATH/index.php(71): CodeIgniter\CodeIgniter->run()
CRITICAL - 2025-05-29 17:36:20 --> Invalid file: template/bank-pro/templates.php
in SYSTEMPATH/Exceptions/FrameworkException.php on line 33.
 1 SYSTEMPATH/View/View.php(201): CodeIgniter\Exceptions\FrameworkException::forInvalidFile()
 2 SYSTEMPATH/Common.php(1142): CodeIgniter\View\View->render()
 3 APPPATH/Controllers/Pages.php(40): view()
 4 SYSTEMPATH/CodeIgniter.php(907): App\Controllers\Pages->view()
 5 SYSTEMPATH/CodeIgniter.php(457): CodeIgniter\CodeIgniter->runController()
 6 SYSTEMPATH/CodeIgniter.php(340): CodeIgniter\CodeIgniter->handleRequest()
 7 FCPATH/index.php(71): CodeIgniter\CodeIgniter->run()
CRITICAL - 2025-05-29 17:36:20 --> Invalid file: template/bank-pro/templates.php
in SYSTEMPATH/Exceptions/FrameworkException.php on line 33.
 1 SYSTEMPATH/View/View.php(201): CodeIgniter\Exceptions\FrameworkException::forInvalidFile()
 2 SYSTEMPATH/Common.php(1142): CodeIgniter\View\View->render()
 3 APPPATH/Controllers/Pages.php(40): view()
 4 SYSTEMPATH/CodeIgniter.php(907): App\Controllers\Pages->view()
 5 SYSTEMPATH/CodeIgniter.php(457): CodeIgniter\CodeIgniter->runController()
 6 SYSTEMPATH/CodeIgniter.php(340): CodeIgniter\CodeIgniter->handleRequest()
 7 FCPATH/index.php(71): CodeIgniter\CodeIgniter->run()
CRITICAL - 2025-05-29 17:36:22 --> Invalid file: template/bank-pro/templates.php
in SYSTEMPATH/Exceptions/FrameworkException.php on line 33.
 1 SYSTEMPATH/View/View.php(201): CodeIgniter\Exceptions\FrameworkException::forInvalidFile()
 2 SYSTEMPATH/Common.php(1142): CodeIgniter\View\View->render()
 3 APPPATH/Controllers/Pages.php(40): view()
 4 SYSTEMPATH/CodeIgniter.php(907): App\Controllers\Pages->view()
 5 SYSTEMPATH/CodeIgniter.php(457): CodeIgniter\CodeIgniter->runController()
 6 SYSTEMPATH/CodeIgniter.php(340): CodeIgniter\CodeIgniter->handleRequest()
 7 FCPATH/index.php(71): CodeIgniter\CodeIgniter->run()
CRITICAL - 2025-05-29 18:34:56 --> Invalid file: template/bank-pro/templates.php
in SYSTEMPATH/Exceptions/FrameworkException.php on line 33.
 1 SYSTEMPATH/View/View.php(201): CodeIgniter\Exceptions\FrameworkException::forInvalidFile()
 2 SYSTEMPATH/Common.php(1142): CodeIgniter\View\View->render()
 3 APPPATH/Controllers/Pages.php(40): view()
 4 SYSTEMPATH/CodeIgniter.php(907): App\Controllers\Pages->view()
 5 SYSTEMPATH/CodeIgniter.php(457): CodeIgniter\CodeIgniter->runController()
 6 SYSTEMPATH/CodeIgniter.php(340): CodeIgniter\CodeIgniter->handleRequest()
 7 FCPATH/index.php(71): CodeIgniter\CodeIgniter->run()
CRITICAL - 2025-05-29 18:34:57 --> Invalid file: template/bank-pro/templates.php
in SYSTEMPATH/Exceptions/FrameworkException.php on line 33.
 1 SYSTEMPATH/View/View.php(201): CodeIgniter\Exceptions\FrameworkException::forInvalidFile()
 2 SYSTEMPATH/Common.php(1142): CodeIgniter\View\View->render()
 3 APPPATH/Controllers/Pages.php(40): view()
 4 SYSTEMPATH/CodeIgniter.php(907): App\Controllers\Pages->view()
 5 SYSTEMPATH/CodeIgniter.php(457): CodeIgniter\CodeIgniter->runController()
 6 SYSTEMPATH/CodeIgniter.php(340): CodeIgniter\CodeIgniter->handleRequest()
 7 FCPATH/index.php(71): CodeIgniter\CodeIgniter->run()
CRITICAL - 2025-05-29 18:34:57 --> Invalid file: template/bank-pro/templates.php
in SYSTEMPATH/Exceptions/FrameworkException.php on line 33.
 1 SYSTEMPATH/View/View.php(201): CodeIgniter\Exceptions\FrameworkException::forInvalidFile()
 2 SYSTEMPATH/Common.php(1142): CodeIgniter\View\View->render()
 3 APPPATH/Controllers/Pages.php(40): view()
 4 SYSTEMPATH/CodeIgniter.php(907): App\Controllers\Pages->view()
 5 SYSTEMPATH/CodeIgniter.php(457): CodeIgniter\CodeIgniter->runController()
 6 SYSTEMPATH/CodeIgniter.php(340): CodeIgniter\CodeIgniter->handleRequest()
 7 FCPATH/index.php(71): CodeIgniter\CodeIgniter->run()
CRITICAL - 2025-05-29 18:35:02 --> Invalid file: template/bank-pro/templates.php
in SYSTEMPATH/Exceptions/FrameworkException.php on line 33.
 1 SYSTEMPATH/View/View.php(201): CodeIgniter\Exceptions\FrameworkException::forInvalidFile()
 2 SYSTEMPATH/Common.php(1142): CodeIgniter\View\View->render()
 3 APPPATH/Controllers/Pages.php(40): view()
 4 SYSTEMPATH/CodeIgniter.php(907): App\Controllers\Pages->view()
 5 SYSTEMPATH/CodeIgniter.php(457): CodeIgniter\CodeIgniter->runController()
 6 SYSTEMPATH/CodeIgniter.php(340): CodeIgniter\CodeIgniter->handleRequest()
 7 FCPATH/index.php(71): CodeIgniter\CodeIgniter->run()
CRITICAL - 2025-05-29 19:25:27 --> Invalid file: template/bank-pro/templates.php
in SYSTEMPATH/Exceptions/FrameworkException.php on line 33.
 1 SYSTEMPATH/View/View.php(201): CodeIgniter\Exceptions\FrameworkException::forInvalidFile()
 2 SYSTEMPATH/Common.php(1142): CodeIgniter\View\View->render()
 3 APPPATH/Controllers/Pages.php(40): view()
 4 SYSTEMPATH/CodeIgniter.php(907): App\Controllers\Pages->view()
 5 SYSTEMPATH/CodeIgniter.php(457): CodeIgniter\CodeIgniter->runController()
 6 SYSTEMPATH/CodeIgniter.php(340): CodeIgniter\CodeIgniter->handleRequest()
 7 FCPATH/index.php(71): CodeIgniter\CodeIgniter->run()
CRITICAL - 2025-05-29 19:25:27 --> Invalid file: template/bank-pro/templates.php
in SYSTEMPATH/Exceptions/FrameworkException.php on line 33.
 1 SYSTEMPATH/View/View.php(201): CodeIgniter\Exceptions\FrameworkException::forInvalidFile()
 2 SYSTEMPATH/Common.php(1142): CodeIgniter\View\View->render()
 3 APPPATH/Controllers/Pages.php(40): view()
 4 SYSTEMPATH/CodeIgniter.php(907): App\Controllers\Pages->view()
 5 SYSTEMPATH/CodeIgniter.php(457): CodeIgniter\CodeIgniter->runController()
 6 SYSTEMPATH/CodeIgniter.php(340): CodeIgniter\CodeIgniter->handleRequest()
 7 FCPATH/index.php(71): CodeIgniter\CodeIgniter->run()
CRITICAL - 2025-05-29 19:25:27 --> Invalid file: template/bank-pro/templates.php
in SYSTEMPATH/Exceptions/FrameworkException.php on line 33.
 1 SYSTEMPATH/View/View.php(201): CodeIgniter\Exceptions\FrameworkException::forInvalidFile()
 2 SYSTEMPATH/Common.php(1142): CodeIgniter\View\View->render()
 3 APPPATH/Controllers/Pages.php(40): view()
 4 SYSTEMPATH/CodeIgniter.php(907): App\Controllers\Pages->view()
 5 SYSTEMPATH/CodeIgniter.php(457): CodeIgniter\CodeIgniter->runController()
 6 SYSTEMPATH/CodeIgniter.php(340): CodeIgniter\CodeIgniter->handleRequest()
 7 FCPATH/index.php(71): CodeIgniter\CodeIgniter->run()
CRITICAL - 2025-05-29 19:25:27 --> Invalid file: template/bank-pro/templates.php
in SYSTEMPATH/Exceptions/FrameworkException.php on line 33.
 1 SYSTEMPATH/View/View.php(201): CodeIgniter\Exceptions\FrameworkException::forInvalidFile()
 2 SYSTEMPATH/Common.php(1142): CodeIgniter\View\View->render()
 3 APPPATH/Controllers/Pages.php(40): view()
 4 SYSTEMPATH/CodeIgniter.php(907): App\Controllers\Pages->view()
 5 SYSTEMPATH/CodeIgniter.php(457): CodeIgniter\CodeIgniter->runController()
 6 SYSTEMPATH/CodeIgniter.php(340): CodeIgniter\CodeIgniter->handleRequest()
 7 FCPATH/index.php(71): CodeIgniter\CodeIgniter->run()
CRITICAL - 2025-05-29 19:25:27 --> Invalid file: template/bank-pro/templates.php
in SYSTEMPATH/Exceptions/FrameworkException.php on line 33.
 1 SYSTEMPATH/View/View.php(201): CodeIgniter\Exceptions\FrameworkException::forInvalidFile()
 2 SYSTEMPATH/Common.php(1142): CodeIgniter\View\View->render()
 3 APPPATH/Controllers/Pages.php(40): view()
 4 SYSTEMPATH/CodeIgniter.php(907): App\Controllers\Pages->view()
 5 SYSTEMPATH/CodeIgniter.php(457): CodeIgniter\CodeIgniter->runController()
 6 SYSTEMPATH/CodeIgniter.php(340): CodeIgniter\CodeIgniter->handleRequest()
 7 FCPATH/index.php(71): CodeIgniter\CodeIgniter->run()
CRITICAL - 2025-05-29 19:25:27 --> Invalid file: template/bank-pro/templates.php
in SYSTEMPATH/Exceptions/FrameworkException.php on line 33.
 1 SYSTEMPATH/View/View.php(201): CodeIgniter\Exceptions\FrameworkException::forInvalidFile()
 2 SYSTEMPATH/Common.php(1142): CodeIgniter\View\View->render()
 3 APPPATH/Controllers/Pages.php(40): view()
 4 SYSTEMPATH/CodeIgniter.php(907): App\Controllers\Pages->view()
 5 SYSTEMPATH/CodeIgniter.php(457): CodeIgniter\CodeIgniter->runController()
 6 SYSTEMPATH/CodeIgniter.php(340): CodeIgniter\CodeIgniter->handleRequest()
 7 FCPATH/index.php(71): CodeIgniter\CodeIgniter->run()
CRITICAL - 2025-05-29 19:25:27 --> Invalid file: template/bank-pro/templates.php
in SYSTEMPATH/Exceptions/FrameworkException.php on line 33.
 1 SYSTEMPATH/View/View.php(201): CodeIgniter\Exceptions\FrameworkException::forInvalidFile()
 2 SYSTEMPATH/Common.php(1142): CodeIgniter\View\View->render()
 3 APPPATH/Controllers/Pages.php(40): view()
 4 SYSTEMPATH/CodeIgniter.php(907): App\Controllers\Pages->view()
 5 SYSTEMPATH/CodeIgniter.php(457): CodeIgniter\CodeIgniter->runController()
 6 SYSTEMPATH/CodeIgniter.php(340): CodeIgniter\CodeIgniter->handleRequest()
 7 FCPATH/index.php(71): CodeIgniter\CodeIgniter->run()
CRITICAL - 2025-05-29 19:25:27 --> Invalid file: template/bank-pro/templates.php
in SYSTEMPATH/Exceptions/FrameworkException.php on line 33.
 1 SYSTEMPATH/View/View.php(201): CodeIgniter\Exceptions\FrameworkException::forInvalidFile()
 2 SYSTEMPATH/Common.php(1142): CodeIgniter\View\View->render()
 3 APPPATH/Controllers/Pages.php(40): view()
 4 SYSTEMPATH/CodeIgniter.php(907): App\Controllers\Pages->view()
 5 SYSTEMPATH/CodeIgniter.php(457): CodeIgniter\CodeIgniter->runController()
 6 SYSTEMPATH/CodeIgniter.php(340): CodeIgniter\CodeIgniter->handleRequest()
 7 FCPATH/index.php(71): CodeIgniter\CodeIgniter->run()
CRITICAL - 2025-05-29 19:25:27 --> Invalid file: template/bank-pro/templates.php
in SYSTEMPATH/Exceptions/FrameworkException.php on line 33.
 1 SYSTEMPATH/View/View.php(201): CodeIgniter\Exceptions\FrameworkException::forInvalidFile()
 2 SYSTEMPATH/Common.php(1142): CodeIgniter\View\View->render()
 3 APPPATH/Controllers/Pages.php(40): view()
 4 SYSTEMPATH/CodeIgniter.php(907): App\Controllers\Pages->view()
 5 SYSTEMPATH/CodeIgniter.php(457): CodeIgniter\CodeIgniter->runController()
 6 SYSTEMPATH/CodeIgniter.php(340): CodeIgniter\CodeIgniter->handleRequest()
 7 FCPATH/index.php(71): CodeIgniter\CodeIgniter->run()
CRITICAL - 2025-05-29 20:03:47 --> Invalid file: template/bank-pro/templates.php
in SYSTEMPATH/Exceptions/FrameworkException.php on line 33.
 1 SYSTEMPATH/View/View.php(201): CodeIgniter\Exceptions\FrameworkException::forInvalidFile()
 2 SYSTEMPATH/Common.php(1142): CodeIgniter\View\View->render()
 3 APPPATH/Controllers/Pages.php(40): view()
 4 SYSTEMPATH/CodeIgniter.php(907): App\Controllers\Pages->view()
 5 SYSTEMPATH/CodeIgniter.php(457): CodeIgniter\CodeIgniter->runController()
 6 SYSTEMPATH/CodeIgniter.php(340): CodeIgniter\CodeIgniter->handleRequest()
 7 FCPATH/index.php(71): CodeIgniter\CodeIgniter->run()
CRITICAL - 2025-05-29 20:03:48 --> Invalid file: template/bank-pro/templates.php
in SYSTEMPATH/Exceptions/FrameworkException.php on line 33.
 1 SYSTEMPATH/View/View.php(201): CodeIgniter\Exceptions\FrameworkException::forInvalidFile()
 2 SYSTEMPATH/Common.php(1142): CodeIgniter\View\View->render()
 3 APPPATH/Controllers/Pages.php(40): view()
 4 SYSTEMPATH/CodeIgniter.php(907): App\Controllers\Pages->view()
 5 SYSTEMPATH/CodeIgniter.php(457): CodeIgniter\CodeIgniter->runController()
 6 SYSTEMPATH/CodeIgniter.php(340): CodeIgniter\CodeIgniter->handleRequest()
 7 FCPATH/index.php(71): CodeIgniter\CodeIgniter->run()
CRITICAL - 2025-05-29 20:03:49 --> Invalid file: template/bank-pro/templates.php
in SYSTEMPATH/Exceptions/FrameworkException.php on line 33.
 1 SYSTEMPATH/View/View.php(201): CodeIgniter\Exceptions\FrameworkException::forInvalidFile()
 2 SYSTEMPATH/Common.php(1142): CodeIgniter\View\View->render()
 3 APPPATH/Controllers/Pages.php(40): view()
 4 SYSTEMPATH/CodeIgniter.php(907): App\Controllers\Pages->view()
 5 SYSTEMPATH/CodeIgniter.php(457): CodeIgniter\CodeIgniter->runController()
 6 SYSTEMPATH/CodeIgniter.php(340): CodeIgniter\CodeIgniter->handleRequest()
 7 FCPATH/index.php(71): CodeIgniter\CodeIgniter->run()
CRITICAL - 2025-05-29 20:03:49 --> Invalid file: template/bank-pro/templates.php
in SYSTEMPATH/Exceptions/FrameworkException.php on line 33.
 1 SYSTEMPATH/View/View.php(201): CodeIgniter\Exceptions\FrameworkException::forInvalidFile()
 2 SYSTEMPATH/Common.php(1142): CodeIgniter\View\View->render()
 3 APPPATH/Controllers/Pages.php(40): view()
 4 SYSTEMPATH/CodeIgniter.php(907): App\Controllers\Pages->view()
 5 SYSTEMPATH/CodeIgniter.php(457): CodeIgniter\CodeIgniter->runController()
 6 SYSTEMPATH/CodeIgniter.php(340): CodeIgniter\CodeIgniter->handleRequest()
 7 FCPATH/index.php(71): CodeIgniter\CodeIgniter->run()
CRITICAL - 2025-05-29 20:03:49 --> Invalid file: template/bank-pro/templates.php
in SYSTEMPATH/Exceptions/FrameworkException.php on line 33.
 1 SYSTEMPATH/View/View.php(201): CodeIgniter\Exceptions\FrameworkException::forInvalidFile()
 2 SYSTEMPATH/Common.php(1142): CodeIgniter\View\View->render()
 3 APPPATH/Controllers/Pages.php(40): view()
 4 SYSTEMPATH/CodeIgniter.php(907): App\Controllers\Pages->view()
 5 SYSTEMPATH/CodeIgniter.php(457): CodeIgniter\CodeIgniter->runController()
 6 SYSTEMPATH/CodeIgniter.php(340): CodeIgniter\CodeIgniter->handleRequest()
 7 FCPATH/index.php(71): CodeIgniter\CodeIgniter->run()
CRITICAL - 2025-05-29 20:03:49 --> Invalid file: template/bank-pro/templates.php
in SYSTEMPATH/Exceptions/FrameworkException.php on line 33.
 1 SYSTEMPATH/View/View.php(201): CodeIgniter\Exceptions\FrameworkException::forInvalidFile()
 2 SYSTEMPATH/Common.php(1142): CodeIgniter\View\View->render()
 3 APPPATH/Controllers/Pages.php(40): view()
 4 SYSTEMPATH/CodeIgniter.php(907): App\Controllers\Pages->view()
 5 SYSTEMPATH/CodeIgniter.php(457): CodeIgniter\CodeIgniter->runController()
 6 SYSTEMPATH/CodeIgniter.php(340): CodeIgniter\CodeIgniter->handleRequest()
 7 FCPATH/index.php(71): CodeIgniter\CodeIgniter->run()
CRITICAL - 2025-05-29 20:03:49 --> Invalid file: template/bank-pro/templates.php
in SYSTEMPATH/Exceptions/FrameworkException.php on line 33.
 1 SYSTEMPATH/View/View.php(201): CodeIgniter\Exceptions\FrameworkException::forInvalidFile()
 2 SYSTEMPATH/Common.php(1142): CodeIgniter\View\View->render()
 3 APPPATH/Controllers/Pages.php(40): view()
 4 SYSTEMPATH/CodeIgniter.php(907): App\Controllers\Pages->view()
 5 SYSTEMPATH/CodeIgniter.php(457): CodeIgniter\CodeIgniter->runController()
 6 SYSTEMPATH/CodeIgniter.php(340): CodeIgniter\CodeIgniter->handleRequest()
 7 FCPATH/index.php(71): CodeIgniter\CodeIgniter->run()
CRITICAL - 2025-05-29 20:03:49 --> Invalid file: template/bank-pro/templates.php
in SYSTEMPATH/Exceptions/FrameworkException.php on line 33.
 1 SYSTEMPATH/View/View.php(201): CodeIgniter\Exceptions\FrameworkException::forInvalidFile()
 2 SYSTEMPATH/Common.php(1142): CodeIgniter\View\View->render()
 3 APPPATH/Controllers/Pages.php(40): view()
 4 SYSTEMPATH/CodeIgniter.php(907): App\Controllers\Pages->view()
 5 SYSTEMPATH/CodeIgniter.php(457): CodeIgniter\CodeIgniter->runController()
 6 SYSTEMPATH/CodeIgniter.php(340): CodeIgniter\CodeIgniter->handleRequest()
 7 FCPATH/index.php(71): CodeIgniter\CodeIgniter->run()
CRITICAL - 2025-05-29 20:03:49 --> Invalid file: template/bank-pro/templates.php
in SYSTEMPATH/Exceptions/FrameworkException.php on line 33.
 1 SYSTEMPATH/View/View.php(201): CodeIgniter\Exceptions\FrameworkException::forInvalidFile()
 2 SYSTEMPATH/Common.php(1142): CodeIgniter\View\View->render()
 3 APPPATH/Controllers/Pages.php(40): view()
 4 SYSTEMPATH/CodeIgniter.php(907): App\Controllers\Pages->view()
 5 SYSTEMPATH/CodeIgniter.php(457): CodeIgniter\CodeIgniter->runController()
 6 SYSTEMPATH/CodeIgniter.php(340): CodeIgniter\CodeIgniter->handleRequest()
 7 FCPATH/index.php(71): CodeIgniter\CodeIgniter->run()
CRITICAL - 2025-05-29 20:08:00 --> Invalid file: template/bank-pro/templates.php
in SYSTEMPATH/Exceptions/FrameworkException.php on line 33.
 1 SYSTEMPATH/View/View.php(201): CodeIgniter\Exceptions\FrameworkException::forInvalidFile()
 2 SYSTEMPATH/Common.php(1142): CodeIgniter\View\View->render()
 3 APPPATH/Controllers/Pages.php(40): view()
 4 SYSTEMPATH/CodeIgniter.php(907): App\Controllers\Pages->view()
 5 SYSTEMPATH/CodeIgniter.php(457): CodeIgniter\CodeIgniter->runController()
 6 SYSTEMPATH/CodeIgniter.php(340): CodeIgniter\CodeIgniter->handleRequest()
 7 FCPATH/index.php(71): CodeIgniter\CodeIgniter->run()
CRITICAL - 2025-05-29 20:08:01 --> Invalid file: template/bank-pro/templates.php
in SYSTEMPATH/Exceptions/FrameworkException.php on line 33.
 1 SYSTEMPATH/View/View.php(201): CodeIgniter\Exceptions\FrameworkException::forInvalidFile()
 2 SYSTEMPATH/Common.php(1142): CodeIgniter\View\View->render()
 3 APPPATH/Controllers/Pages.php(40): view()
 4 SYSTEMPATH/CodeIgniter.php(907): App\Controllers\Pages->view()
 5 SYSTEMPATH/CodeIgniter.php(457): CodeIgniter\CodeIgniter->runController()
 6 SYSTEMPATH/CodeIgniter.php(340): CodeIgniter\CodeIgniter->handleRequest()
 7 FCPATH/index.php(71): CodeIgniter\CodeIgniter->run()
CRITICAL - 2025-05-29 20:08:01 --> Invalid file: template/bank-pro/templates.php
in SYSTEMPATH/Exceptions/FrameworkException.php on line 33.
 1 SYSTEMPATH/View/View.php(201): CodeIgniter\Exceptions\FrameworkException::forInvalidFile()
 2 SYSTEMPATH/Common.php(1142): CodeIgniter\View\View->render()
 3 APPPATH/Controllers/Pages.php(40): view()
 4 SYSTEMPATH/CodeIgniter.php(907): App\Controllers\Pages->view()
 5 SYSTEMPATH/CodeIgniter.php(457): CodeIgniter\CodeIgniter->runController()
 6 SYSTEMPATH/CodeIgniter.php(340): CodeIgniter\CodeIgniter->handleRequest()
 7 FCPATH/index.php(71): CodeIgniter\CodeIgniter->run()
CRITICAL - 2025-05-29 20:08:01 --> Invalid file: template/bank-pro/templates.php
in SYSTEMPATH/Exceptions/FrameworkException.php on line 33.
 1 SYSTEMPATH/View/View.php(201): CodeIgniter\Exceptions\FrameworkException::forInvalidFile()
 2 SYSTEMPATH/Common.php(1142): CodeIgniter\View\View->render()
 3 APPPATH/Controllers/Pages.php(40): view()
 4 SYSTEMPATH/CodeIgniter.php(907): App\Controllers\Pages->view()
 5 SYSTEMPATH/CodeIgniter.php(457): CodeIgniter\CodeIgniter->runController()
 6 SYSTEMPATH/CodeIgniter.php(340): CodeIgniter\CodeIgniter->handleRequest()
 7 FCPATH/index.php(71): CodeIgniter\CodeIgniter->run()
CRITICAL - 2025-05-29 20:09:51 --> Invalid file: template/bank-pro/assets.php
in SYSTEMPATH/Exceptions/FrameworkException.php on line 33.
 1 SYSTEMPATH/View/View.php(201): CodeIgniter\Exceptions\FrameworkException::forInvalidFile()
 2 SYSTEMPATH/Common.php(1142): CodeIgniter\View\View->render()
 3 APPPATH/Controllers/Pages.php(40): view()
 4 SYSTEMPATH/CodeIgniter.php(907): App\Controllers\Pages->view()
 5 SYSTEMPATH/CodeIgniter.php(457): CodeIgniter\CodeIgniter->runController()
 6 SYSTEMPATH/CodeIgniter.php(340): CodeIgniter\CodeIgniter->handleRequest()
 7 FCPATH/index.php(71): CodeIgniter\CodeIgniter->run()
CRITICAL - 2025-05-29 20:10:11 --> Invalid file: template/bank-pro/assets.php
in SYSTEMPATH/Exceptions/FrameworkException.php on line 33.
 1 SYSTEMPATH/View/View.php(201): CodeIgniter\Exceptions\FrameworkException::forInvalidFile()
 2 SYSTEMPATH/Common.php(1142): CodeIgniter\View\View->render()
 3 APPPATH/Controllers/Pages.php(40): view()
 4 SYSTEMPATH/CodeIgniter.php(907): App\Controllers\Pages->view()
 5 SYSTEMPATH/CodeIgniter.php(457): CodeIgniter\CodeIgniter->runController()
 6 SYSTEMPATH/CodeIgniter.php(340): CodeIgniter\CodeIgniter->handleRequest()
 7 FCPATH/index.php(71): CodeIgniter\CodeIgniter->run()
CRITICAL - 2025-05-29 20:10:40 --> Invalid file: template/bank-pro/assets.php
in SYSTEMPATH/Exceptions/FrameworkException.php on line 33.
 1 SYSTEMPATH/View/View.php(201): CodeIgniter\Exceptions\FrameworkException::forInvalidFile()
 2 SYSTEMPATH/Common.php(1142): CodeIgniter\View\View->render()
 3 APPPATH/Controllers/Pages.php(40): view()
 4 SYSTEMPATH/CodeIgniter.php(907): App\Controllers\Pages->view()
 5 SYSTEMPATH/CodeIgniter.php(457): CodeIgniter\CodeIgniter->runController()
 6 SYSTEMPATH/CodeIgniter.php(340): CodeIgniter\CodeIgniter->handleRequest()
 7 FCPATH/index.php(71): CodeIgniter\CodeIgniter->run()
CRITICAL - 2025-05-29 20:10:58 --> Invalid file: template/bank-pro/assets.php
in SYSTEMPATH/Exceptions/FrameworkException.php on line 33.
 1 SYSTEMPATH/View/View.php(201): CodeIgniter\Exceptions\FrameworkException::forInvalidFile()
 2 SYSTEMPATH/Common.php(1142): CodeIgniter\View\View->render()
 3 APPPATH/Controllers/Pages.php(40): view()
 4 SYSTEMPATH/CodeIgniter.php(907): App\Controllers\Pages->view()
 5 SYSTEMPATH/CodeIgniter.php(457): CodeIgniter\CodeIgniter->runController()
 6 SYSTEMPATH/CodeIgniter.php(340): CodeIgniter\CodeIgniter->handleRequest()
 7 FCPATH/index.php(71): CodeIgniter\CodeIgniter->run()
CRITICAL - 2025-05-29 20:12:00 --> Invalid file: template/bank-pro/themes.php
in SYSTEMPATH/Exceptions/FrameworkException.php on line 33.
 1 SYSTEMPATH/View/View.php(201): CodeIgniter\Exceptions\FrameworkException::forInvalidFile()
 2 SYSTEMPATH/Common.php(1142): CodeIgniter\View\View->render()
 3 APPPATH/Controllers/Pages.php(40): view()
 4 SYSTEMPATH/CodeIgniter.php(907): App\Controllers\Pages->view()
 5 SYSTEMPATH/CodeIgniter.php(457): CodeIgniter\CodeIgniter->runController()
 6 SYSTEMPATH/CodeIgniter.php(340): CodeIgniter\CodeIgniter->handleRequest()
 7 FCPATH/index.php(71): CodeIgniter\CodeIgniter->run()
CRITICAL - 2025-05-29 20:12:00 --> Invalid file: template/bank-pro/themes.php
in SYSTEMPATH/Exceptions/FrameworkException.php on line 33.
 1 SYSTEMPATH/View/View.php(201): CodeIgniter\Exceptions\FrameworkException::forInvalidFile()
 2 SYSTEMPATH/Common.php(1142): CodeIgniter\View\View->render()
 3 APPPATH/Controllers/Pages.php(40): view()
 4 SYSTEMPATH/CodeIgniter.php(907): App\Controllers\Pages->view()
 5 SYSTEMPATH/CodeIgniter.php(457): CodeIgniter\CodeIgniter->runController()
 6 SYSTEMPATH/CodeIgniter.php(340): CodeIgniter\CodeIgniter->handleRequest()
 7 FCPATH/index.php(71): CodeIgniter\CodeIgniter->run()
CRITICAL - 2025-05-29 20:12:00 --> Invalid file: template/bank-pro/__service-worker.js
in SYSTEMPATH/Exceptions/FrameworkException.php on line 33.
 1 SYSTEMPATH/View/View.php(201): CodeIgniter\Exceptions\FrameworkException::forInvalidFile()
 2 SYSTEMPATH/Common.php(1142): CodeIgniter\View\View->render()
 3 APPPATH/Controllers/Pages.php(40): view()
 4 SYSTEMPATH/CodeIgniter.php(907): App\Controllers\Pages->view()
 5 SYSTEMPATH/CodeIgniter.php(457): CodeIgniter\CodeIgniter->runController()
 6 SYSTEMPATH/CodeIgniter.php(340): CodeIgniter\CodeIgniter->handleRequest()
 7 FCPATH/index.php(71): CodeIgniter\CodeIgniter->run()
CRITICAL - 2025-05-29 20:12:00 --> Invalid file: template/bank-pro/themes.php
in SYSTEMPATH/Exceptions/FrameworkException.php on line 33.
 1 SYSTEMPATH/View/View.php(201): CodeIgniter\Exceptions\FrameworkException::forInvalidFile()
 2 SYSTEMPATH/Common.php(1142): CodeIgniter\View\View->render()
 3 APPPATH/Controllers/Pages.php(40): view()
 4 SYSTEMPATH/CodeIgniter.php(907): App\Controllers\Pages->view()
 5 SYSTEMPATH/CodeIgniter.php(457): CodeIgniter\CodeIgniter->runController()
 6 SYSTEMPATH/CodeIgniter.php(340): CodeIgniter\CodeIgniter->handleRequest()
 7 FCPATH/index.php(71): CodeIgniter\CodeIgniter->run()
CRITICAL - 2025-05-29 20:12:04 --> Invalid file: template/bank-pro/themes.php
in SYSTEMPATH/Exceptions/FrameworkException.php on line 33.
 1 SYSTEMPATH/View/View.php(201): CodeIgniter\Exceptions\FrameworkException::forInvalidFile()
 2 SYSTEMPATH/Common.php(1142): CodeIgniter\View\View->render()
 3 APPPATH/Controllers/Pages.php(40): view()
 4 SYSTEMPATH/CodeIgniter.php(907): App\Controllers\Pages->view()
 5 SYSTEMPATH/CodeIgniter.php(457): CodeIgniter\CodeIgniter->runController()
 6 SYSTEMPATH/CodeIgniter.php(340): CodeIgniter\CodeIgniter->handleRequest()
 7 FCPATH/index.php(71): CodeIgniter\CodeIgniter->run()
CRITICAL - 2025-05-29 20:12:04 --> Invalid file: template/bank-pro/themes.php
in SYSTEMPATH/Exceptions/FrameworkException.php on line 33.
 1 SYSTEMPATH/View/View.php(201): CodeIgniter\Exceptions\FrameworkException::forInvalidFile()
 2 SYSTEMPATH/Common.php(1142): CodeIgniter\View\View->render()
 3 APPPATH/Controllers/Pages.php(40): view()
 4 SYSTEMPATH/CodeIgniter.php(907): App\Controllers\Pages->view()
 5 SYSTEMPATH/CodeIgniter.php(457): CodeIgniter\CodeIgniter->runController()
 6 SYSTEMPATH/CodeIgniter.php(340): CodeIgniter\CodeIgniter->handleRequest()
 7 FCPATH/index.php(71): CodeIgniter\CodeIgniter->run()
CRITICAL - 2025-05-29 20:12:04 --> Invalid file: template/bank-pro/themes.php
in SYSTEMPATH/Exceptions/FrameworkException.php on line 33.
 1 SYSTEMPATH/View/View.php(201): CodeIgniter\Exceptions\FrameworkException::forInvalidFile()
 2 SYSTEMPATH/Common.php(1142): CodeIgniter\View\View->render()
 3 APPPATH/Controllers/Pages.php(40): view()
 4 SYSTEMPATH/CodeIgniter.php(907): App\Controllers\Pages->view()
 5 SYSTEMPATH/CodeIgniter.php(457): CodeIgniter\CodeIgniter->runController()
 6 SYSTEMPATH/CodeIgniter.php(340): CodeIgniter\CodeIgniter->handleRequest()
 7 FCPATH/index.php(71): CodeIgniter\CodeIgniter->run()
CRITICAL - 2025-05-29 20:12:08 --> Invalid file: template/bank-pro/assets.php
in SYSTEMPATH/Exceptions/FrameworkException.php on line 33.
 1 SYSTEMPATH/View/View.php(201): CodeIgniter\Exceptions\FrameworkException::forInvalidFile()
 2 SYSTEMPATH/Common.php(1142): CodeIgniter\View\View->render()
 3 APPPATH/Controllers/Pages.php(40): view()
 4 SYSTEMPATH/CodeIgniter.php(907): App\Controllers\Pages->view()
 5 SYSTEMPATH/CodeIgniter.php(457): CodeIgniter\CodeIgniter->runController()
 6 SYSTEMPATH/CodeIgniter.php(340): CodeIgniter\CodeIgniter->handleRequest()
 7 FCPATH/index.php(71): CodeIgniter\CodeIgniter->run()
CRITICAL - 2025-05-29 20:12:08 --> Invalid file: template/bank-pro/assets.php
in SYSTEMPATH/Exceptions/FrameworkException.php on line 33.
 1 SYSTEMPATH/View/View.php(201): CodeIgniter\Exceptions\FrameworkException::forInvalidFile()
 2 SYSTEMPATH/Common.php(1142): CodeIgniter\View\View->render()
 3 APPPATH/Controllers/Pages.php(40): view()
 4 SYSTEMPATH/CodeIgniter.php(907): App\Controllers\Pages->view()
 5 SYSTEMPATH/CodeIgniter.php(457): CodeIgniter\CodeIgniter->runController()
 6 SYSTEMPATH/CodeIgniter.php(340): CodeIgniter\CodeIgniter->handleRequest()
 7 FCPATH/index.php(71): CodeIgniter\CodeIgniter->run()
CRITICAL - 2025-05-29 20:12:08 --> Invalid file: template/bank-pro/themes.php
in SYSTEMPATH/Exceptions/FrameworkException.php on line 33.
 1 SYSTEMPATH/View/View.php(201): CodeIgniter\Exceptions\FrameworkException::forInvalidFile()
 2 SYSTEMPATH/Common.php(1142): CodeIgniter\View\View->render()
 3 APPPATH/Controllers/Pages.php(40): view()
 4 SYSTEMPATH/CodeIgniter.php(907): App\Controllers\Pages->view()
 5 SYSTEMPATH/CodeIgniter.php(457): CodeIgniter\CodeIgniter->runController()
 6 SYSTEMPATH/CodeIgniter.php(340): CodeIgniter\CodeIgniter->handleRequest()
 7 FCPATH/index.php(71): CodeIgniter\CodeIgniter->run()
CRITICAL - 2025-05-29 20:12:09 --> Invalid file: template/bank-pro/themes.php
in SYSTEMPATH/Exceptions/FrameworkException.php on line 33.
 1 SYSTEMPATH/View/View.php(201): CodeIgniter\Exceptions\FrameworkException::forInvalidFile()
 2 SYSTEMPATH/Common.php(1142): CodeIgniter\View\View->render()
 3 APPPATH/Controllers/Pages.php(40): view()
 4 SYSTEMPATH/CodeIgniter.php(907): App\Controllers\Pages->view()
 5 SYSTEMPATH/CodeIgniter.php(457): CodeIgniter\CodeIgniter->runController()
 6 SYSTEMPATH/CodeIgniter.php(340): CodeIgniter\CodeIgniter->handleRequest()
 7 FCPATH/index.php(71): CodeIgniter\CodeIgniter->run()
CRITICAL - 2025-05-29 20:12:09 --> Invalid file: template/bank-pro/themes.php
in SYSTEMPATH/Exceptions/FrameworkException.php on line 33.
 1 SYSTEMPATH/View/View.php(201): CodeIgniter\Exceptions\FrameworkException::forInvalidFile()
 2 SYSTEMPATH/Common.php(1142): CodeIgniter\View\View->render()
 3 APPPATH/Controllers/Pages.php(40): view()
 4 SYSTEMPATH/CodeIgniter.php(907): App\Controllers\Pages->view()
 5 SYSTEMPATH/CodeIgniter.php(457): CodeIgniter\CodeIgniter->runController()
 6 SYSTEMPATH/CodeIgniter.php(340): CodeIgniter\CodeIgniter->handleRequest()
 7 FCPATH/index.php(71): CodeIgniter\CodeIgniter->run()
CRITICAL - 2025-05-29 20:12:09 --> Invalid file: template/bank-pro/themes.php
in SYSTEMPATH/Exceptions/FrameworkException.php on line 33.
 1 SYSTEMPATH/View/View.php(201): CodeIgniter\Exceptions\FrameworkException::forInvalidFile()
 2 SYSTEMPATH/Common.php(1142): CodeIgniter\View\View->render()
 3 APPPATH/Controllers/Pages.php(40): view()
 4 SYSTEMPATH/CodeIgniter.php(907): App\Controllers\Pages->view()
 5 SYSTEMPATH/CodeIgniter.php(457): CodeIgniter\CodeIgniter->runController()
 6 SYSTEMPATH/CodeIgniter.php(340): CodeIgniter\CodeIgniter->handleRequest()
 7 FCPATH/index.php(71): CodeIgniter\CodeIgniter->run()
CRITICAL - 2025-05-29 20:12:09 --> Invalid file: template/bank-pro/themes.php
in SYSTEMPATH/Exceptions/FrameworkException.php on line 33.
 1 SYSTEMPATH/View/View.php(201): CodeIgniter\Exceptions\FrameworkException::forInvalidFile()
 2 SYSTEMPATH/Common.php(1142): CodeIgniter\View\View->render()
 3 APPPATH/Controllers/Pages.php(40): view()
 4 SYSTEMPATH/CodeIgniter.php(907): App\Controllers\Pages->view()
 5 SYSTEMPATH/CodeIgniter.php(457): CodeIgniter\CodeIgniter->runController()
 6 SYSTEMPATH/CodeIgniter.php(340): CodeIgniter\CodeIgniter->handleRequest()
 7 FCPATH/index.php(71): CodeIgniter\CodeIgniter->run()
CRITICAL - 2025-05-29 20:12:09 --> Invalid file: template/bank-pro/themes.php
in SYSTEMPATH/Exceptions/FrameworkException.php on line 33.
 1 SYSTEMPATH/View/View.php(201): CodeIgniter\Exceptions\FrameworkException::forInvalidFile()
 2 SYSTEMPATH/Common.php(1142): CodeIgniter\View\View->render()
 3 APPPATH/Controllers/Pages.php(40): view()
 4 SYSTEMPATH/CodeIgniter.php(907): App\Controllers\Pages->view()
 5 SYSTEMPATH/CodeIgniter.php(457): CodeIgniter\CodeIgniter->runController()
 6 SYSTEMPATH/CodeIgniter.php(340): CodeIgniter\CodeIgniter->handleRequest()
 7 FCPATH/index.php(71): CodeIgniter\CodeIgniter->run()
CRITICAL - 2025-05-29 20:12:31 --> Invalid file: template/bank-pro/themes.php
in SYSTEMPATH/Exceptions/FrameworkException.php on line 33.
 1 SYSTEMPATH/View/View.php(201): CodeIgniter\Exceptions\FrameworkException::forInvalidFile()
 2 SYSTEMPATH/Common.php(1142): CodeIgniter\View\View->render()
 3 APPPATH/Controllers/Pages.php(40): view()
 4 SYSTEMPATH/CodeIgniter.php(907): App\Controllers\Pages->view()
 5 SYSTEMPATH/CodeIgniter.php(457): CodeIgniter\CodeIgniter->runController()
 6 SYSTEMPATH/CodeIgniter.php(340): CodeIgniter\CodeIgniter->handleRequest()
 7 FCPATH/index.php(71): CodeIgniter\CodeIgniter->run()
CRITICAL - 2025-05-29 20:12:31 --> Invalid file: template/bank-pro/themes.php
in SYSTEMPATH/Exceptions/FrameworkException.php on line 33.
 1 SYSTEMPATH/View/View.php(201): CodeIgniter\Exceptions\FrameworkException::forInvalidFile()
 2 SYSTEMPATH/Common.php(1142): CodeIgniter\View\View->render()
 3 APPPATH/Controllers/Pages.php(40): view()
 4 SYSTEMPATH/CodeIgniter.php(907): App\Controllers\Pages->view()
 5 SYSTEMPATH/CodeIgniter.php(457): CodeIgniter\CodeIgniter->runController()
 6 SYSTEMPATH/CodeIgniter.php(340): CodeIgniter\CodeIgniter->handleRequest()
 7 FCPATH/index.php(71): CodeIgniter\CodeIgniter->run()
CRITICAL - 2025-05-29 20:13:10 --> Invalid file: template/bank-pro/themes.php
in SYSTEMPATH/Exceptions/FrameworkException.php on line 33.
 1 SYSTEMPATH/View/View.php(201): CodeIgniter\Exceptions\FrameworkException::forInvalidFile()
 2 SYSTEMPATH/Common.php(1142): CodeIgniter\View\View->render()
 3 APPPATH/Controllers/Pages.php(40): view()
 4 SYSTEMPATH/CodeIgniter.php(907): App\Controllers\Pages->view()
 5 SYSTEMPATH/CodeIgniter.php(457): CodeIgniter\CodeIgniter->runController()
 6 SYSTEMPATH/CodeIgniter.php(340): CodeIgniter\CodeIgniter->handleRequest()
 7 FCPATH/index.php(71): CodeIgniter\CodeIgniter->run()
CRITICAL - 2025-05-29 20:13:10 --> Invalid file: template/bank-pro/themes.php
in SYSTEMPATH/Exceptions/FrameworkException.php on line 33.
 1 SYSTEMPATH/View/View.php(201): CodeIgniter\Exceptions\FrameworkException::forInvalidFile()
 2 SYSTEMPATH/Common.php(1142): CodeIgniter\View\View->render()
 3 APPPATH/Controllers/Pages.php(40): view()
 4 SYSTEMPATH/CodeIgniter.php(907): App\Controllers\Pages->view()
 5 SYSTEMPATH/CodeIgniter.php(457): CodeIgniter\CodeIgniter->runController()
 6 SYSTEMPATH/CodeIgniter.php(340): CodeIgniter\CodeIgniter->handleRequest()
 7 FCPATH/index.php(71): CodeIgniter\CodeIgniter->run()
CRITICAL - 2025-05-29 20:13:10 --> Invalid file: template/bank-pro/themes.php
in SYSTEMPATH/Exceptions/FrameworkException.php on line 33.
 1 SYSTEMPATH/View/View.php(201): CodeIgniter\Exceptions\FrameworkException::forInvalidFile()
 2 SYSTEMPATH/Common.php(1142): CodeIgniter\View\View->render()
 3 APPPATH/Controllers/Pages.php(40): view()
 4 SYSTEMPATH/CodeIgniter.php(907): App\Controllers\Pages->view()
 5 SYSTEMPATH/CodeIgniter.php(457): CodeIgniter\CodeIgniter->runController()
 6 SYSTEMPATH/CodeIgniter.php(340): CodeIgniter\CodeIgniter->handleRequest()
 7 FCPATH/index.php(71): CodeIgniter\CodeIgniter->run()
CRITICAL - 2025-05-29 20:13:11 --> Invalid file: template/bank-pro/themes.php
in SYSTEMPATH/Exceptions/FrameworkException.php on line 33.
 1 SYSTEMPATH/View/View.php(201): CodeIgniter\Exceptions\FrameworkException::forInvalidFile()
 2 SYSTEMPATH/Common.php(1142): CodeIgniter\View\View->render()
 3 APPPATH/Controllers/Pages.php(40): view()
 4 SYSTEMPATH/CodeIgniter.php(907): App\Controllers\Pages->view()
 5 SYSTEMPATH/CodeIgniter.php(457): CodeIgniter\CodeIgniter->runController()
 6 SYSTEMPATH/CodeIgniter.php(340): CodeIgniter\CodeIgniter->handleRequest()
 7 FCPATH/index.php(71): CodeIgniter\CodeIgniter->run()
CRITICAL - 2025-05-29 20:13:11 --> Invalid file: template/bank-pro/__service-worker.js
in SYSTEMPATH/Exceptions/FrameworkException.php on line 33.
 1 SYSTEMPATH/View/View.php(201): CodeIgniter\Exceptions\FrameworkException::forInvalidFile()
 2 SYSTEMPATH/Common.php(1142): CodeIgniter\View\View->render()
 3 APPPATH/Controllers/Pages.php(40): view()
 4 SYSTEMPATH/CodeIgniter.php(907): App\Controllers\Pages->view()
 5 SYSTEMPATH/CodeIgniter.php(457): CodeIgniter\CodeIgniter->runController()
 6 SYSTEMPATH/CodeIgniter.php(340): CodeIgniter\CodeIgniter->handleRequest()
 7 FCPATH/index.php(71): CodeIgniter\CodeIgniter->run()
CRITICAL - 2025-05-29 20:13:11 --> Invalid file: template/bank-pro/themes.php
in SYSTEMPATH/Exceptions/FrameworkException.php on line 33.
 1 SYSTEMPATH/View/View.php(201): CodeIgniter\Exceptions\FrameworkException::forInvalidFile()
 2 SYSTEMPATH/Common.php(1142): CodeIgniter\View\View->render()
 3 APPPATH/Controllers/Pages.php(40): view()
 4 SYSTEMPATH/CodeIgniter.php(907): App\Controllers\Pages->view()
 5 SYSTEMPATH/CodeIgniter.php(457): CodeIgniter\CodeIgniter->runController()
 6 SYSTEMPATH/CodeIgniter.php(340): CodeIgniter\CodeIgniter->handleRequest()
 7 FCPATH/index.php(71): CodeIgniter\CodeIgniter->run()
CRITICAL - 2025-05-29 20:13:11 --> Invalid file: template/bank-pro/assets.php
in SYSTEMPATH/Exceptions/FrameworkException.php on line 33.
 1 SYSTEMPATH/View/View.php(201): CodeIgniter\Exceptions\FrameworkException::forInvalidFile()
 2 SYSTEMPATH/Common.php(1142): CodeIgniter\View\View->render()
 3 APPPATH/Controllers/Pages.php(40): view()
 4 SYSTEMPATH/CodeIgniter.php(907): App\Controllers\Pages->view()
 5 SYSTEMPATH/CodeIgniter.php(457): CodeIgniter\CodeIgniter->runController()
 6 SYSTEMPATH/CodeIgniter.php(340): CodeIgniter\CodeIgniter->handleRequest()
 7 FCPATH/index.php(71): CodeIgniter\CodeIgniter->run()
CRITICAL - 2025-05-29 20:13:11 --> Invalid file: template/bank-pro/themes.php
in SYSTEMPATH/Exceptions/FrameworkException.php on line 33.
 1 SYSTEMPATH/View/View.php(201): CodeIgniter\Exceptions\FrameworkException::forInvalidFile()
 2 SYSTEMPATH/Common.php(1142): CodeIgniter\View\View->render()
 3 APPPATH/Controllers/Pages.php(40): view()
 4 SYSTEMPATH/CodeIgniter.php(907): App\Controllers\Pages->view()
 5 SYSTEMPATH/CodeIgniter.php(457): CodeIgniter\CodeIgniter->runController()
 6 SYSTEMPATH/CodeIgniter.php(340): CodeIgniter\CodeIgniter->handleRequest()
 7 FCPATH/index.php(71): CodeIgniter\CodeIgniter->run()
CRITICAL - 2025-05-29 20:13:11 --> Invalid file: template/bank-pro/assets.php
in SYSTEMPATH/Exceptions/FrameworkException.php on line 33.
 1 SYSTEMPATH/View/View.php(201): CodeIgniter\Exceptions\FrameworkException::forInvalidFile()
 2 SYSTEMPATH/Common.php(1142): CodeIgniter\View\View->render()
 3 APPPATH/Controllers/Pages.php(40): view()
 4 SYSTEMPATH/CodeIgniter.php(907): App\Controllers\Pages->view()
 5 SYSTEMPATH/CodeIgniter.php(457): CodeIgniter\CodeIgniter->runController()
 6 SYSTEMPATH/CodeIgniter.php(340): CodeIgniter\CodeIgniter->handleRequest()
 7 FCPATH/index.php(71): CodeIgniter\CodeIgniter->run()
CRITICAL - 2025-05-29 20:13:15 --> Invalid file: template/bank-pro/themes.php
in SYSTEMPATH/Exceptions/FrameworkException.php on line 33.
 1 SYSTEMPATH/View/View.php(201): CodeIgniter\Exceptions\FrameworkException::forInvalidFile()
 2 SYSTEMPATH/Common.php(1142): CodeIgniter\View\View->render()
 3 APPPATH/Controllers/Pages.php(40): view()
 4 SYSTEMPATH/CodeIgniter.php(907): App\Controllers\Pages->view()
 5 SYSTEMPATH/CodeIgniter.php(457): CodeIgniter\CodeIgniter->runController()
 6 SYSTEMPATH/CodeIgniter.php(340): CodeIgniter\CodeIgniter->handleRequest()
 7 FCPATH/index.php(71): CodeIgniter\CodeIgniter->run()
CRITICAL - 2025-05-29 20:13:15 --> Invalid file: template/bank-pro/themes.php
in SYSTEMPATH/Exceptions/FrameworkException.php on line 33.
 1 SYSTEMPATH/View/View.php(201): CodeIgniter\Exceptions\FrameworkException::forInvalidFile()
 2 SYSTEMPATH/Common.php(1142): CodeIgniter\View\View->render()
 3 APPPATH/Controllers/Pages.php(40): view()
 4 SYSTEMPATH/CodeIgniter.php(907): App\Controllers\Pages->view()
 5 SYSTEMPATH/CodeIgniter.php(457): CodeIgniter\CodeIgniter->runController()
 6 SYSTEMPATH/CodeIgniter.php(340): CodeIgniter\CodeIgniter->handleRequest()
 7 FCPATH/index.php(71): CodeIgniter\CodeIgniter->run()
CRITICAL - 2025-05-29 20:13:32 --> Invalid file: template/bank-pro/themes.php
in SYSTEMPATH/Exceptions/FrameworkException.php on line 33.
 1 SYSTEMPATH/View/View.php(201): CodeIgniter\Exceptions\FrameworkException::forInvalidFile()
 2 SYSTEMPATH/Common.php(1142): CodeIgniter\View\View->render()
 3 APPPATH/Controllers/Pages.php(40): view()
 4 SYSTEMPATH/CodeIgniter.php(907): App\Controllers\Pages->view()
 5 SYSTEMPATH/CodeIgniter.php(457): CodeIgniter\CodeIgniter->runController()
 6 SYSTEMPATH/CodeIgniter.php(340): CodeIgniter\CodeIgniter->handleRequest()
 7 FCPATH/index.php(71): CodeIgniter\CodeIgniter->run()
CRITICAL - 2025-05-29 20:13:32 --> Invalid file: template/bank-pro/themes.php
in SYSTEMPATH/Exceptions/FrameworkException.php on line 33.
 1 SYSTEMPATH/View/View.php(201): CodeIgniter\Exceptions\FrameworkException::forInvalidFile()
 2 SYSTEMPATH/Common.php(1142): CodeIgniter\View\View->render()
 3 APPPATH/Controllers/Pages.php(40): view()
 4 SYSTEMPATH/CodeIgniter.php(907): App\Controllers\Pages->view()
 5 SYSTEMPATH/CodeIgniter.php(457): CodeIgniter\CodeIgniter->runController()
 6 SYSTEMPATH/CodeIgniter.php(340): CodeIgniter\CodeIgniter->handleRequest()
 7 FCPATH/index.php(71): CodeIgniter\CodeIgniter->run()
CRITICAL - 2025-05-29 20:13:32 --> Invalid file: template/bank-pro/themes.php
in SYSTEMPATH/Exceptions/FrameworkException.php on line 33.
 1 SYSTEMPATH/View/View.php(201): CodeIgniter\Exceptions\FrameworkException::forInvalidFile()
 2 SYSTEMPATH/Common.php(1142): CodeIgniter\View\View->render()
 3 APPPATH/Controllers/Pages.php(40): view()
 4 SYSTEMPATH/CodeIgniter.php(907): App\Controllers\Pages->view()
 5 SYSTEMPATH/CodeIgniter.php(457): CodeIgniter\CodeIgniter->runController()
 6 SYSTEMPATH/CodeIgniter.php(340): CodeIgniter\CodeIgniter->handleRequest()
 7 FCPATH/index.php(71): CodeIgniter\CodeIgniter->run()
CRITICAL - 2025-05-29 20:13:32 --> Invalid file: template/bank-pro/__service-worker.js
in SYSTEMPATH/Exceptions/FrameworkException.php on line 33.
 1 SYSTEMPATH/View/View.php(201): CodeIgniter\Exceptions\FrameworkException::forInvalidFile()
 2 SYSTEMPATH/Common.php(1142): CodeIgniter\View\View->render()
 3 APPPATH/Controllers/Pages.php(40): view()
 4 SYSTEMPATH/CodeIgniter.php(907): App\Controllers\Pages->view()
 5 SYSTEMPATH/CodeIgniter.php(457): CodeIgniter\CodeIgniter->runController()
 6 SYSTEMPATH/CodeIgniter.php(340): CodeIgniter\CodeIgniter->handleRequest()
 7 FCPATH/index.php(71): CodeIgniter\CodeIgniter->run()
CRITICAL - 2025-05-29 20:13:32 --> Invalid file: template/bank-pro/assets.php
in SYSTEMPATH/Exceptions/FrameworkException.php on line 33.
 1 SYSTEMPATH/View/View.php(201): CodeIgniter\Exceptions\FrameworkException::forInvalidFile()
 2 SYSTEMPATH/Common.php(1142): CodeIgniter\View\View->render()
 3 APPPATH/Controllers/Pages.php(40): view()
 4 SYSTEMPATH/CodeIgniter.php(907): App\Controllers\Pages->view()
 5 SYSTEMPATH/CodeIgniter.php(457): CodeIgniter\CodeIgniter->runController()
 6 SYSTEMPATH/CodeIgniter.php(340): CodeIgniter\CodeIgniter->handleRequest()
 7 FCPATH/index.php(71): CodeIgniter\CodeIgniter->run()
CRITICAL - 2025-05-29 20:13:32 --> Invalid file: template/bank-pro/themes.php
in SYSTEMPATH/Exceptions/FrameworkException.php on line 33.
 1 SYSTEMPATH/View/View.php(201): CodeIgniter\Exceptions\FrameworkException::forInvalidFile()
 2 SYSTEMPATH/Common.php(1142): CodeIgniter\View\View->render()
 3 APPPATH/Controllers/Pages.php(40): view()
 4 SYSTEMPATH/CodeIgniter.php(907): App\Controllers\Pages->view()
 5 SYSTEMPATH/CodeIgniter.php(457): CodeIgniter\CodeIgniter->runController()
 6 SYSTEMPATH/CodeIgniter.php(340): CodeIgniter\CodeIgniter->handleRequest()
 7 FCPATH/index.php(71): CodeIgniter\CodeIgniter->run()
CRITICAL - 2025-05-29 20:13:32 --> Invalid file: template/bank-pro/themes.php
in SYSTEMPATH/Exceptions/FrameworkException.php on line 33.
 1 SYSTEMPATH/View/View.php(201): CodeIgniter\Exceptions\FrameworkException::forInvalidFile()
 2 SYSTEMPATH/Common.php(1142): CodeIgniter\View\View->render()
 3 APPPATH/Controllers/Pages.php(40): view()
 4 SYSTEMPATH/CodeIgniter.php(907): App\Controllers\Pages->view()
 5 SYSTEMPATH/CodeIgniter.php(457): CodeIgniter\CodeIgniter->runController()
 6 SYSTEMPATH/CodeIgniter.php(340): CodeIgniter\CodeIgniter->handleRequest()
 7 FCPATH/index.php(71): CodeIgniter\CodeIgniter->run()
CRITICAL - 2025-05-29 20:13:32 --> Invalid file: template/bank-pro/themes.php
in SYSTEMPATH/Exceptions/FrameworkException.php on line 33.
 1 SYSTEMPATH/View/View.php(201): CodeIgniter\Exceptions\FrameworkException::forInvalidFile()
 2 SYSTEMPATH/Common.php(1142): CodeIgniter\View\View->render()
 3 APPPATH/Controllers/Pages.php(40): view()
 4 SYSTEMPATH/CodeIgniter.php(907): App\Controllers\Pages->view()
 5 SYSTEMPATH/CodeIgniter.php(457): CodeIgniter\CodeIgniter->runController()
 6 SYSTEMPATH/CodeIgniter.php(340): CodeIgniter\CodeIgniter->handleRequest()
 7 FCPATH/index.php(71): CodeIgniter\CodeIgniter->run()
CRITICAL - 2025-05-29 20:13:33 --> Invalid file: template/bank-pro/assets.php
in SYSTEMPATH/Exceptions/FrameworkException.php on line 33.
 1 SYSTEMPATH/View/View.php(201): CodeIgniter\Exceptions\FrameworkException::forInvalidFile()
 2 SYSTEMPATH/Common.php(1142): CodeIgniter\View\View->render()
 3 APPPATH/Controllers/Pages.php(40): view()
 4 SYSTEMPATH/CodeIgniter.php(907): App\Controllers\Pages->view()
 5 SYSTEMPATH/CodeIgniter.php(457): CodeIgniter\CodeIgniter->runController()
 6 SYSTEMPATH/CodeIgniter.php(340): CodeIgniter\CodeIgniter->handleRequest()
 7 FCPATH/index.php(71): CodeIgniter\CodeIgniter->run()
CRITICAL - 2025-05-29 20:17:52 --> Invalid file: template/bank-pro/robots.txt
in SYSTEMPATH/Exceptions/FrameworkException.php on line 33.
 1 SYSTEMPATH/View/View.php(201): CodeIgniter\Exceptions\FrameworkException::forInvalidFile()
 2 SYSTEMPATH/Common.php(1142): CodeIgniter\View\View->render()
 3 APPPATH/Controllers/Pages.php(40): view()
 4 SYSTEMPATH/CodeIgniter.php(907): App\Controllers\Pages->view()
 5 SYSTEMPATH/CodeIgniter.php(457): CodeIgniter\CodeIgniter->runController()
 6 SYSTEMPATH/CodeIgniter.php(340): CodeIgniter\CodeIgniter->handleRequest()
 7 FCPATH/index.php(71): CodeIgniter\CodeIgniter->run()
CRITICAL - 2025-05-29 20:26:44 --> Invalid file: template/bank-pro/assets.php
in SYSTEMPATH/Exceptions/FrameworkException.php on line 33.
 1 SYSTEMPATH/View/View.php(201): CodeIgniter\Exceptions\FrameworkException::forInvalidFile()
 2 SYSTEMPATH/Common.php(1142): CodeIgniter\View\View->render()
 3 APPPATH/Controllers/Pages.php(40): view()
 4 SYSTEMPATH/CodeIgniter.php(907): App\Controllers\Pages->view()
 5 SYSTEMPATH/CodeIgniter.php(457): CodeIgniter\CodeIgniter->runController()
 6 SYSTEMPATH/CodeIgniter.php(340): CodeIgniter\CodeIgniter->handleRequest()
 7 FCPATH/index.php(71): CodeIgniter\CodeIgniter->run()
CRITICAL - 2025-05-29 20:46:09 --> Invalid file: template/bank-pro/assets.php
in SYSTEMPATH/Exceptions/FrameworkException.php on line 33.
 1 SYSTEMPATH/View/View.php(201): CodeIgniter\Exceptions\FrameworkException::forInvalidFile()
 2 SYSTEMPATH/Common.php(1142): CodeIgniter\View\View->render()
 3 APPPATH/Controllers/Pages.php(40): view()
 4 SYSTEMPATH/CodeIgniter.php(907): App\Controllers\Pages->view()
 5 SYSTEMPATH/CodeIgniter.php(457): CodeIgniter\CodeIgniter->runController()
 6 SYSTEMPATH/CodeIgniter.php(340): CodeIgniter\CodeIgniter->handleRequest()
 7 FCPATH/index.php(71): CodeIgniter\CodeIgniter->run()
CRITICAL - 2025-05-29 20:47:06 --> Invalid file: template/bank-pro/assets.php
in SYSTEMPATH/Exceptions/FrameworkException.php on line 33.
 1 SYSTEMPATH/View/View.php(201): CodeIgniter\Exceptions\FrameworkException::forInvalidFile()
 2 SYSTEMPATH/Common.php(1142): CodeIgniter\View\View->render()
 3 APPPATH/Controllers/Pages.php(40): view()
 4 SYSTEMPATH/CodeIgniter.php(907): App\Controllers\Pages->view()
 5 SYSTEMPATH/CodeIgniter.php(457): CodeIgniter\CodeIgniter->runController()
 6 SYSTEMPATH/CodeIgniter.php(340): CodeIgniter\CodeIgniter->handleRequest()
 7 FCPATH/index.php(71): CodeIgniter\CodeIgniter->run()
CRITICAL - 2025-05-29 20:52:02 --> Invalid file: template/bank-pro/assets.php
in SYSTEMPATH/Exceptions/FrameworkException.php on line 33.
 1 SYSTEMPATH/View/View.php(201): CodeIgniter\Exceptions\FrameworkException::forInvalidFile()
 2 SYSTEMPATH/Common.php(1142): CodeIgniter\View\View->render()
 3 APPPATH/Controllers/Pages.php(40): view()
 4 SYSTEMPATH/CodeIgniter.php(907): App\Controllers\Pages->view()
 5 SYSTEMPATH/CodeIgniter.php(457): CodeIgniter\CodeIgniter->runController()
 6 SYSTEMPATH/CodeIgniter.php(340): CodeIgniter\CodeIgniter->handleRequest()
 7 FCPATH/index.php(71): CodeIgniter\CodeIgniter->run()
CRITICAL - 2025-05-29 21:03:22 --> Invalid file: template/bank-pro/templates.php
in SYSTEMPATH/Exceptions/FrameworkException.php on line 33.
 1 SYSTEMPATH/View/View.php(201): CodeIgniter\Exceptions\FrameworkException::forInvalidFile()
 2 SYSTEMPATH/Common.php(1142): CodeIgniter\View\View->render()
 3 APPPATH/Controllers/Pages.php(40): view()
 4 SYSTEMPATH/CodeIgniter.php(907): App\Controllers\Pages->view()
 5 SYSTEMPATH/CodeIgniter.php(457): CodeIgniter\CodeIgniter->runController()
 6 SYSTEMPATH/CodeIgniter.php(340): CodeIgniter\CodeIgniter->handleRequest()
 7 FCPATH/index.php(71): CodeIgniter\CodeIgniter->run()
CRITICAL - 2025-05-29 21:03:22 --> Invalid file: template/bank-pro/templates.php
in SYSTEMPATH/Exceptions/FrameworkException.php on line 33.
 1 SYSTEMPATH/View/View.php(201): CodeIgniter\Exceptions\FrameworkException::forInvalidFile()
 2 SYSTEMPATH/Common.php(1142): CodeIgniter\View\View->render()
 3 APPPATH/Controllers/Pages.php(40): view()
 4 SYSTEMPATH/CodeIgniter.php(907): App\Controllers\Pages->view()
 5 SYSTEMPATH/CodeIgniter.php(457): CodeIgniter\CodeIgniter->runController()
 6 SYSTEMPATH/CodeIgniter.php(340): CodeIgniter\CodeIgniter->handleRequest()
 7 FCPATH/index.php(71): CodeIgniter\CodeIgniter->run()
CRITICAL - 2025-05-29 21:03:22 --> Invalid file: template/bank-pro/templates.php
in SYSTEMPATH/Exceptions/FrameworkException.php on line 33.
 1 SYSTEMPATH/View/View.php(201): CodeIgniter\Exceptions\FrameworkException::forInvalidFile()
 2 SYSTEMPATH/Common.php(1142): CodeIgniter\View\View->render()
 3 APPPATH/Controllers/Pages.php(40): view()
 4 SYSTEMPATH/CodeIgniter.php(907): App\Controllers\Pages->view()
 5 SYSTEMPATH/CodeIgniter.php(457): CodeIgniter\CodeIgniter->runController()
 6 SYSTEMPATH/CodeIgniter.php(340): CodeIgniter\CodeIgniter->handleRequest()
 7 FCPATH/index.php(71): CodeIgniter\CodeIgniter->run()
CRITICAL - 2025-05-29 21:03:22 --> Invalid file: template/bank-pro/templates.php
in SYSTEMPATH/Exceptions/FrameworkException.php on line 33.
 1 SYSTEMPATH/View/View.php(201): CodeIgniter\Exceptions\FrameworkException::forInvalidFile()
 2 SYSTEMPATH/Common.php(1142): CodeIgniter\View\View->render()
 3 APPPATH/Controllers/Pages.php(40): view()
 4 SYSTEMPATH/CodeIgniter.php(907): App\Controllers\Pages->view()
 5 SYSTEMPATH/CodeIgniter.php(457): CodeIgniter\CodeIgniter->runController()
 6 SYSTEMPATH/CodeIgniter.php(340): CodeIgniter\CodeIgniter->handleRequest()
 7 FCPATH/index.php(71): CodeIgniter\CodeIgniter->run()
CRITICAL - 2025-05-29 21:03:22 --> Invalid file: template/bank-pro/templates.php
in SYSTEMPATH/Exceptions/FrameworkException.php on line 33.
 1 SYSTEMPATH/View/View.php(201): CodeIgniter\Exceptions\FrameworkException::forInvalidFile()
 2 SYSTEMPATH/Common.php(1142): CodeIgniter\View\View->render()
 3 APPPATH/Controllers/Pages.php(40): view()
 4 SYSTEMPATH/CodeIgniter.php(907): App\Controllers\Pages->view()
 5 SYSTEMPATH/CodeIgniter.php(457): CodeIgniter\CodeIgniter->runController()
 6 SYSTEMPATH/CodeIgniter.php(340): CodeIgniter\CodeIgniter->handleRequest()
 7 FCPATH/index.php(71): CodeIgniter\CodeIgniter->run()
CRITICAL - 2025-05-29 21:03:22 --> Invalid file: template/bank-pro/templates.php
in SYSTEMPATH/Exceptions/FrameworkException.php on line 33.
 1 SYSTEMPATH/View/View.php(201): CodeIgniter\Exceptions\FrameworkException::forInvalidFile()
 2 SYSTEMPATH/Common.php(1142): CodeIgniter\View\View->render()
 3 APPPATH/Controllers/Pages.php(40): view()
 4 SYSTEMPATH/CodeIgniter.php(907): App\Controllers\Pages->view()
 5 SYSTEMPATH/CodeIgniter.php(457): CodeIgniter\CodeIgniter->runController()
 6 SYSTEMPATH/CodeIgniter.php(340): CodeIgniter\CodeIgniter->handleRequest()
 7 FCPATH/index.php(71): CodeIgniter\CodeIgniter->run()
CRITICAL - 2025-05-29 21:03:22 --> Invalid file: template/bank-pro/templates.php
in SYSTEMPATH/Exceptions/FrameworkException.php on line 33.
 1 SYSTEMPATH/View/View.php(201): CodeIgniter\Exceptions\FrameworkException::forInvalidFile()
 2 SYSTEMPATH/Common.php(1142): CodeIgniter\View\View->render()
 3 APPPATH/Controllers/Pages.php(40): view()
 4 SYSTEMPATH/CodeIgniter.php(907): App\Controllers\Pages->view()
 5 SYSTEMPATH/CodeIgniter.php(457): CodeIgniter\CodeIgniter->runController()
 6 SYSTEMPATH/CodeIgniter.php(340): CodeIgniter\CodeIgniter->handleRequest()
 7 FCPATH/index.php(71): CodeIgniter\CodeIgniter->run()
CRITICAL - 2025-05-29 21:03:22 --> Invalid file: template/bank-pro/templates.php
in SYSTEMPATH/Exceptions/FrameworkException.php on line 33.
 1 SYSTEMPATH/View/View.php(201): CodeIgniter\Exceptions\FrameworkException::forInvalidFile()
 2 SYSTEMPATH/Common.php(1142): CodeIgniter\View\View->render()
 3 APPPATH/Controllers/Pages.php(40): view()
 4 SYSTEMPATH/CodeIgniter.php(907): App\Controllers\Pages->view()
 5 SYSTEMPATH/CodeIgniter.php(457): CodeIgniter\CodeIgniter->runController()
 6 SYSTEMPATH/CodeIgniter.php(340): CodeIgniter\CodeIgniter->handleRequest()
 7 FCPATH/index.php(71): CodeIgniter\CodeIgniter->run()
CRITICAL - 2025-05-29 21:03:22 --> Invalid file: template/bank-pro/templates.php
in SYSTEMPATH/Exceptions/FrameworkException.php on line 33.
 1 SYSTEMPATH/View/View.php(201): CodeIgniter\Exceptions\FrameworkException::forInvalidFile()
 2 SYSTEMPATH/Common.php(1142): CodeIgniter\View\View->render()
 3 APPPATH/Controllers/Pages.php(40): view()
 4 SYSTEMPATH/CodeIgniter.php(907): App\Controllers\Pages->view()
 5 SYSTEMPATH/CodeIgniter.php(457): CodeIgniter\CodeIgniter->runController()
 6 SYSTEMPATH/CodeIgniter.php(340): CodeIgniter\CodeIgniter->handleRequest()
 7 FCPATH/index.php(71): CodeIgniter\CodeIgniter->run()
